{"level":"info","message":"Admin Service is running on port 4001","timestamp":"2026-06-08T14:01:00.099Z"}
{"level":"info","message":"Admin Service is running on port 6001","timestamp":"2026-06-08T14:01:41.362Z"}
{"level":"info","message":"Admin Service is running on port 6001","timestamp":"2026-06-08T14:07:14.546Z"}
{"level":"info","message":"Admin Service is running on port 6001","timestamp":"2026-06-08T14:07:28.305Z"}
{"level":"info","message":"Admin Service is running on port 6001","timestamp":"2026-06-08T14:08:26.470Z"}
{"level":"info","message":"Admin Service is running on port 6001","timestamp":"2026-06-08T14:14:29.191Z"}
{"level":"info","message":"Admin Service is running on port 6001","timestamp":"2026-06-08T15:29:59.490Z"}
{"level":"info","message":"Admin Service is running on port 6001","timestamp":"2026-06-08T15:30:12.929Z"}
{"level":"info","message":"Admin Service is running on port 6001","timestamp":"2026-06-08T15:31:05.836Z"}
{"level":"info","message":"Admin Service is running on port 6001","timestamp":"2026-06-08T15:32:53.630Z"}
{"level":"info","message":"Admin Service is running on port 6001","timestamp":"2026-06-08T15:33:16.315Z"}
{"level":"info","message":"Admin Service is running on port 6001","timestamp":"2026-06-08T15:33:52.416Z"}
{"level":"info","message":"Admin Service is running on port 6001","timestamp":"2026-06-08T15:34:51.223Z"}
{"level":"info","message":"Admin Service is running on port 6001","timestamp":"2026-06-08T15:34:57.364Z"}
{"level":"info","message":"Admin Service is running on port 6001","timestamp":"2026-06-08T15:35:31.065Z"}
{"level":"info","message":"Admin Service is running on port 6001","timestamp":"2026-06-08T15:36:12.117Z"}
{"level":"info","message":"Admin Service is running on port 6001","timestamp":"2026-06-08T15:37:42.224Z"}
{"level":"info","message":"Admin Service is running on port 6001","timestamp":"2026-06-08T15:38:21.657Z"}
{"level":"info","message":"Admin Service is running on port 6001","timestamp":"2026-06-08T15:38:38.787Z"}
{"level":"info","message":"Admin Service is running on port 6001","timestamp":"2026-06-08T15:39:37.182Z"}
{"level":"info","message":"Admin Service is running on port 6001","timestamp":"2026-06-08T15:39:43.843Z"}
{"level":"info","message":"Admin Service is running on port 6001","timestamp":"2026-06-08T15:40:25.309Z"}
{"level":"info","message":"Admin Service is running on port 6001","timestamp":"2026-06-08T15:41:58.843Z"}
{"level":"info","message":"Admin Service is running on port 6001","timestamp":"2026-06-08T15:42:05.407Z"}
{"level":"info","message":"Admin Service is running on port 6001","timestamp":"2026-06-08T15:42:35.312Z"}
{"level":"info","message":"Admin Service is running on port 6001","timestamp":"2026-06-08T15:42:54.302Z"}
{"level":"info","message":"Admin Service is running on port 6001","timestamp":"2026-06-08T15:46:44.235Z"}
{"level":"info","message":"Admin Service is running on port 6001","timestamp":"2026-06-08T15:46:51.127Z"}
{"level":"info","message":"Admin Service is running on port 6001","timestamp":"2026-06-08T15:47:49.703Z"}
{"level":"info","message":"Admin Service is running on port 6001","timestamp":"2026-06-08T15:48:53.356Z"}
{"level":"info","message":"Admin Service is running on port 6001","timestamp":"2026-06-08T15:49:11.279Z"}
{"level":"info","message":"Admin Service is running on port 6001","timestamp":"2026-06-08T15:49:37.158Z"}
{"level":"info","message":"Admin Service is running on port 6001","timestamp":"2026-06-08T15:49:48.765Z"}
{"level":"info","message":"Admin Service is running on port 6001","timestamp":"2026-06-08T15:51:03.503Z"}
{"level":"info","message":"Admin Service is running on port 6001","timestamp":"2026-06-08T15:51:39.807Z"}
{"level":"info","message":"Admin Service is running on port 6001","timestamp":"2026-06-08T15:51:43.209Z"}
{"level":"info","message":"Admin Service is running on port 6001","timestamp":"2026-06-08T15:52:45.290Z"}
{"level":"info","message":"Admin Service is running on port 6001","timestamp":"2026-06-08T15:52:47.744Z"}
{"level":"info","message":"Admin Service is running on port 6001","timestamp":"2026-06-08T15:53:21.339Z"}
{"level":"info","message":"Admin Service is running on port 6001","timestamp":"2026-06-08T15:53:26.913Z"}
{"level":"info","message":"Admin Service is running on port 6001","timestamp":"2026-06-08T15:53:46.136Z"}
{"level":"info","message":"Admin Service is running on port 6001","timestamp":"2026-06-08T15:55:05.651Z"}
{"level":"info","message":"Admin Service is running on port 6001","timestamp":"2026-06-08T15:55:30.918Z"}
{"level":"info","message":"Admin Service is running on port 6001","timestamp":"2026-06-08T16:01:43.197Z"}
{"level":"info","message":"Admin Service is running on port 6001","timestamp":"2026-06-08T16:16:39.071Z"}
{"level":"warn","message":"Method:POST | URL: /api/v1/theater/create | StatusCode: 404 | Duration: 5ms | 400 Client Error","timestamp":"2026-06-08T16:16:58.724Z"}
{"level":"warn","message":"Method:POST | URL: /api/v1/theater/create | StatusCode: 404 | Duration: 3ms | 400 Client Error","timestamp":"2026-06-08T16:21:45.093Z"}
{"level":"info","message":"Admin Service is running on port 6001","timestamp":"2026-06-08T16:24:55.598Z"}
{"level":"info","message":"Admin Service is running on port 6001","timestamp":"2026-06-08T16:25:03.592Z"}
{"level":"info","message":"Admin Service is running on port 6001","timestamp":"2026-06-08T16:25:04.703Z"}
{"level":"error","message":"TypeError: createThreater is not a function\n    at C:\\Users\\HP\\Desktop\\Booking-Microservice\\backend\\admin-service\\src\\controllers\\theater.controller.js:30:28\n    at C:\\Users\\HP\\Desktop\\Booking-Microservice\\backend\\admin-service\\src\\utils\\asyncHandler.js:2:28\n    at Layer.handleRequest (C:\\Users\\HP\\Desktop\\Booking-Microservice\\backend\\admin-service\\node_modules\\router\\lib\\layer.js:152:17)\n    at next (C:\\Users\\HP\\Desktop\\Booking-Microservice\\backend\\admin-service\\node_modules\\router\\lib\\route.js:157:13)\n    at Route.dispatch (C:\\Users\\HP\\Desktop\\Booking-Microservice\\backend\\admin-service\\node_modules\\router\\lib\\route.js:117:3)\n    at handle (C:\\Users\\HP\\Desktop\\Booking-Microservice\\backend\\admin-service\\node_modules\\router\\index.js:435:11)\n    at Layer.handleRequest (C:\\Users\\HP\\Desktop\\Booking-Microservice\\backend\\admin-service\\node_modules\\router\\lib\\layer.js:152:17)\n    at C:\\Users\\HP\\Desktop\\Booking-Microservice\\backend\\admin-service\\node_modules\\router\\index.js:295:15\n    at processParams (C:\\Users\\HP\\Desktop\\Booking-Microservice\\backend\\admin-service\\node_modules\\router\\index.js:582:12)\n    at next (C:\\Users\\HP\\Desktop\\Booking-Microservice\\backend\\admin-service\\node_modules\\router\\index.js:291:5)","timestamp":"2026-06-08T16:25:09.389Z"}
{"level":"error","message":"Method:POST | URL: /api/v1/theater/create | StatusCode: 500 | Duration: 16ms | 500 Internal Server Error","timestamp":"2026-06-08T16:25:09.401Z"}
{"level":"info","message":"Admin Service is running on port 6001","timestamp":"2026-06-08T16:27:33.794Z"}
{"level":"info","message":"Admin Service is running on port 6001","timestamp":"2026-06-08T16:27:38.986Z"}
{"level":"info","message":"Admin Service is running on port 6001","timestamp":"2026-06-08T16:27:46.780Z"}
{"level":"error","message":"PrismaClientKnownRequestError: \nInvalid `prisma.theater.findUnique()` invocation in\nC:\\Users\\HP\\Desktop\\Booking-Microservice\\backend\\admin-service\\src\\services\\theater.service.js:9:50\n\n  6 const createTheater = async (data) => {\n  7     const { name, code, district, location, screens } = data;\n  8 \n→ 9     const existingTheater = await prisma.theater.findUnique(\nThe table `public.Theater` does not exist in the current database.\n    at zr.handleRequestError (C:\\Users\\HP\\Desktop\\Booking-Microservice\\backend\\admin-service\\node_modules\\@prisma\\client\\runtime\\client.js:65:8286)\n    at zr.handleAndLogRequestError (C:\\Users\\HP\\Desktop\\Booking-Microservice\\backend\\admin-service\\node_modules\\@prisma\\client\\runtime\\client.js:65:7581)\n    at zr.request (C:\\Users\\HP\\Desktop\\Booking-Microservice\\backend\\admin-service\\node_modules\\@prisma\\client\\runtime\\client.js:65:7288)\n    at process.processTicksAndRejections (node:internal/process/task_queues:105:5)\n    at async a (C:\\Users\\HP\\Desktop\\Booking-Microservice\\backend\\admin-service\\node_modules\\@prisma\\client\\runtime\\client.js:75:6862)\n    at async createTheater (C:\\Users\\HP\\Desktop\\Booking-Microservice\\backend\\admin-service\\src\\services\\theater.service.js:9:29)\n    at async C:\\Users\\HP\\Desktop\\Booking-Microservice\\backend\\admin-service\\src\\controllers\\theater.controller.js:30:22","timestamp":"2026-06-08T16:27:52.209Z"}
{"level":"error","message":"Method:POST | URL: /api/v1/theater/create | StatusCode: 500 | Duration: 343ms | 500 Internal Server Error","timestamp":"2026-06-08T16:27:52.216Z"}
{"level":"info","message":"Admin Service is running on port 6001","timestamp":"2026-06-08T16:28:20.282Z"}
{"level":"error","message":"PrismaClientKnownRequestError: \nInvalid `prisma.theater.findUnique()` invocation in\nC:\\Users\\HP\\Desktop\\Booking-Microservice\\backend\\admin-service\\src\\services\\theater.service.js:9:50\n\n  6 const createTheater = async (data) => {\n  7     const { name, code, district, location, screens } = data;\n  8 \n→ 9     const existingTheater = await prisma.theater.findUnique(\nThe table `public.Theater` does not exist in the current database.\n    at zr.handleRequestError (C:\\Users\\HP\\Desktop\\Booking-Microservice\\backend\\admin-service\\node_modules\\@prisma\\client\\runtime\\client.js:65:8286)\n    at zr.handleAndLogRequestError (C:\\Users\\HP\\Desktop\\Booking-Microservice\\backend\\admin-service\\node_modules\\@prisma\\client\\runtime\\client.js:65:7581)\n    at zr.request (C:\\Users\\HP\\Desktop\\Booking-Microservice\\backend\\admin-service\\node_modules\\@prisma\\client\\runtime\\client.js:65:7288)\n    at process.processTicksAndRejections (node:internal/process/task_queues:105:5)\n    at async a (C:\\Users\\HP\\Desktop\\Booking-Microservice\\backend\\admin-service\\node_modules\\@prisma\\client\\runtime\\client.js:75:6862)\n    at async createTheater (C:\\Users\\HP\\Desktop\\Booking-Microservice\\backend\\admin-service\\src\\services\\theater.service.js:9:29)\n    at async C:\\Users\\HP\\Desktop\\Booking-Microservice\\backend\\admin-service\\src\\controllers\\theater.controller.js:30:22","timestamp":"2026-06-08T16:31:10.436Z"}
{"level":"error","message":"Method:POST | URL: /api/v1/theater/create | StatusCode: 500 | Duration: 508ms | 500 Internal Server Error","timestamp":"2026-06-08T16:31:10.449Z"}
{"level":"info","message":"Admin Service is running on port 6001","timestamp":"2026-06-08T16:31:37.604Z"}
{"level":"error","message":"ReferenceError: existing is not defined\n    at createTheater (C:\\Users\\HP\\Desktop\\Booking-Microservice\\backend\\admin-service\\src\\services\\theater.service.js:13:5)\n    at process.processTicksAndRejections (node:internal/process/task_queues:105:5)\n    at async C:\\Users\\HP\\Desktop\\Booking-Microservice\\backend\\admin-service\\src\\controllers\\theater.controller.js:30:22","timestamp":"2026-06-08T16:31:41.788Z"}
{"level":"error","message":"Method:POST | URL: /api/v1/theater/create | StatusCode: 500 | Duration: 288ms | 500 Internal Server Error","timestamp":"2026-06-08T16:31:41.795Z"}
{"level":"info","message":"Admin Service is running on port 6001","timestamp":"2026-06-08T16:32:02.689Z"}
{"level":"error","message":"PrismaClientValidationError: \nInvalid `prisma.theater.create()` invocation in\nC:\\Users\\HP\\Desktop\\Booking-Microservice\\backend\\admin-service\\src\\services\\theater.service.js:17:42\n\n  14     throw new ConflictError(\"Theater with code exists already\");\n  15 }\n  16 \n→ 17 const theater = await prisma.theater.create({\n       data: {\n         name: \"QFXCinema\",\n         code: \"QFX\",\n         district: \"Kathmandu\",\n         location: \"Baneshwor\",\n         screens: []\n                  ~~\n       }\n     })\n\nArgument `screens`: Invalid value provided. Expected ScreenCreateNestedManyWithoutTheaterInput or ScreenUncheckedCreateNestedManyWithoutTheaterInput, provided ().\n    at ar (C:\\Users\\HP\\Desktop\\Booking-Microservice\\backend\\admin-service\\node_modules\\@prisma\\client\\runtime\\client.js:10:1374)\n    at zr.handleRequestError (C:\\Users\\HP\\Desktop\\Booking-Microservice\\backend\\admin-service\\node_modules\\@prisma\\client\\runtime\\client.js:65:7929)\n    at zr.handleAndLogRequestError (C:\\Users\\HP\\Desktop\\Booking-Microservice\\backend\\admin-service\\node_modules\\@prisma\\client\\runtime\\client.js:65:7581)\n    at zr.request (C:\\Users\\HP\\Desktop\\Booking-Microservice\\backend\\admin-service\\node_modules\\@prisma\\client\\runtime\\client.js:65:7288)\n    at process.processTicksAndRejections (node:internal/process/task_queues:105:5)\n    at async a (C:\\Users\\HP\\Desktop\\Booking-Microservice\\backend\\admin-service\\node_modules\\@prisma\\client\\runtime\\client.js:75:6862)\n    at async createTheater (C:\\Users\\HP\\Desktop\\Booking-Microservice\\backend\\admin-service\\src\\services\\theater.service.js:17:21)\n    at async C:\\Users\\HP\\Desktop\\Booking-Microservice\\backend\\admin-service\\src\\controllers\\theater.controller.js:30:22","timestamp":"2026-06-08T16:32:08.395Z"}
{"level":"error","message":"Method:POST | URL: /api/v1/theater/create | StatusCode: 500 | Duration: 347ms | 500 Internal Server Error","timestamp":"2026-06-08T16:32:08.406Z"}
{"level":"info","message":"Admin Service is running on port 6001","timestamp":"2026-06-08T16:32:38.281Z"}
{"level":"info","message":"Admin Service is running on port 6001","timestamp":"2026-06-08T16:35:00.522Z"}
{"level":"info","message":"Admin Service is running on port 6001","timestamp":"2026-06-08T16:36:15.493Z"}
{"level":"info","message":"Admin Service is running on port 6001","timestamp":"2026-06-08T16:36:30.182Z"}
{"level":"error","message":"Error: 400\n    at C:\\Users\\HP\\Desktop\\Booking-Microservice\\backend\\admin-service\\src\\controllers\\theater.controller.js:27:15\n    at C:\\Users\\HP\\Desktop\\Booking-Microservice\\backend\\admin-service\\src\\utils\\asyncHandler.js:2:28\n    at Layer.handleRequest (C:\\Users\\HP\\Desktop\\Booking-Microservice\\backend\\admin-service\\node_modules\\router\\lib\\layer.js:152:17)\n    at next (C:\\Users\\HP\\Desktop\\Booking-Microservice\\backend\\admin-service\\node_modules\\router\\lib\\route.js:157:13)\n    at Route.dispatch (C:\\Users\\HP\\Desktop\\Booking-Microservice\\backend\\admin-service\\node_modules\\router\\lib\\route.js:117:3)\n    at handle (C:\\Users\\HP\\Desktop\\Booking-Microservice\\backend\\admin-service\\node_modules\\router\\index.js:435:11)\n    at Layer.handleRequest (C:\\Users\\HP\\Desktop\\Booking-Microservice\\backend\\admin-service\\node_modules\\router\\lib\\layer.js:152:17)\n    at C:\\Users\\HP\\Desktop\\Booking-Microservice\\backend\\admin-service\\node_modules\\router\\index.js:295:15\n    at processParams (C:\\Users\\HP\\Desktop\\Booking-Microservice\\backend\\admin-service\\node_modules\\router\\index.js:582:12)\n    at next (C:\\Users\\HP\\Desktop\\Booking-Microservice\\backend\\admin-service\\node_modules\\router\\index.js:291:5)","timestamp":"2026-06-08T16:36:32.444Z"}
{"level":"warn","message":"Method:POST | URL: /api/v1/theater/create | StatusCode: 400 | Duration: 13ms | 400 Client Error","timestamp":"2026-06-08T16:36:32.455Z"}
{"level":"info","message":"Admin Service is running on port 6001","timestamp":"2026-06-08T16:37:05.608Z"}
{"level":"info","message":"Admin Service is running on port 6001","timestamp":"2026-06-08T16:37:09.808Z"}
{"level":"info","message":"Admin Service is running on port 6001","timestamp":"2026-06-08T16:37:16.473Z"}
{"level":"error","message":"ReferenceError: prisma is not defined\n    at createTheater (C:\\Users\\HP\\Desktop\\Booking-Microservice\\backend\\admin-service\\src\\services\\theater.service.js:8:29)\n    at C:\\Users\\HP\\Desktop\\Booking-Microservice\\backend\\admin-service\\src\\controllers\\theater.controller.js:30:28\n    at C:\\Users\\HP\\Desktop\\Booking-Microservice\\backend\\admin-service\\src\\utils\\asyncHandler.js:2:28\n    at Layer.handleRequest (C:\\Users\\HP\\Desktop\\Booking-Microservice\\backend\\admin-service\\node_modules\\router\\lib\\layer.js:152:17)\n    at next (C:\\Users\\HP\\Desktop\\Booking-Microservice\\backend\\admin-service\\node_modules\\router\\lib\\route.js:157:13)\n    at Route.dispatch (C:\\Users\\HP\\Desktop\\Booking-Microservice\\backend\\admin-service\\node_modules\\router\\lib\\route.js:117:3)\n    at handle (C:\\Users\\HP\\Desktop\\Booking-Microservice\\backend\\admin-service\\node_modules\\router\\index.js:435:11)\n    at Layer.handleRequest (C:\\Users\\HP\\Desktop\\Booking-Microservice\\backend\\admin-service\\node_modules\\router\\lib\\layer.js:152:17)\n    at C:\\Users\\HP\\Desktop\\Booking-Microservice\\backend\\admin-service\\node_modules\\router\\index.js:295:15\n    at processParams (C:\\Users\\HP\\Desktop\\Booking-Microservice\\backend\\admin-service\\node_modules\\router\\index.js:582:12)","timestamp":"2026-06-08T16:37:18.665Z"}
{"level":"error","message":"Method:POST | URL: /api/v1/theater/create | StatusCode: 500 | Duration: 10ms | 500 Internal Server Error","timestamp":"2026-06-08T16:37:18.673Z"}
{"level":"info","message":"Admin Service is running on port 6001","timestamp":"2026-06-08T16:39:31.768Z"}
{"code":"QFX","id":"1b1bcceb-ffbc-4070-8806-8b5fcab8881f","level":"info","message":"New theater created","timestamp":"2026-06-08T16:39:35.665Z"}
{"level":"info","message":"Kafka producer connected successfully","timestamp":"2026-06-08T16:39:37.064Z"}
{"key":"theater-QFX","level":"info","message":"Message sent to topic theater.create with key theater-QFX: {\"data\":{\"id\":\"1b1bcceb-ffbc-4070-8806-8b5fcab8881f\",\"name\":\"QFXCinema\",\"code\":\"QFX\",\"district\":\"Kathmandu\",\"location\":\"Baneshwor\",\"createdAt\":\"2026-06-08T16:39:35.636Z\",\"updatedAt\":\"2026-06-08T16:39:35.636Z\"}}","partition":0,"timestamp":"2026-06-08T16:39:39.143Z"}
{"level":"info","message":"Admin Service is running on port 6001","timestamp":"2026-06-10T14:43:41.663Z"}
{"level":"info","message":"Admin Service is running on port 6001","timestamp":"2026-06-10T14:46:19.555Z"}
{"level":"info","message":"Admin Service is running on port 6001","timestamp":"2026-06-10T14:52:02.287Z"}
{"level":"info","message":"Admin Service is running on port 6001","timestamp":"2026-06-10T14:52:23.273Z"}
{"level":"info","message":"Admin Service is running on port 6001","timestamp":"2026-06-10T14:52:23.513Z"}
{"level":"info","message":"Admin Service is running on port 6001","timestamp":"2026-06-10T15:04:01.601Z"}
{"level":"warn","message":"Method:GET | URL: /favicon.ico | StatusCode: 404 | Duration: 5ms | 400 Client Error","timestamp":"2026-06-10T15:04:08.777Z"}
{"0":{"code":"QFX","createdAt":"2026-06-08T16:39:35.636Z","district":"Kathmandu","id":"1b1bcceb-ffbc-4070-8806-8b5fcab8881f","location":"Baneshwor","name":"QFXCinema","updatedAt":"2026-06-08T16:39:35.636Z"},"level":"info","message":"Theaters fetched successfully page:1 and limit:10","timestamp":"2026-06-10T15:04:14.762Z"}
{"level":"error","message":"Error: All fields like theaterId,name and type are required\n    at C:\\Users\\HP\\Desktop\\Booking-Microservice\\backend\\admin-service\\src\\controllers\\screen.controller.js:33:15\n    at C:\\Users\\HP\\Desktop\\Booking-Microservice\\backend\\admin-service\\src\\utils\\asyncHandler.js:2:28\n    at Layer.handleRequest (C:\\Users\\HP\\Desktop\\Booking-Microservice\\backend\\admin-service\\node_modules\\router\\lib\\layer.js:152:17)\n    at next (C:\\Users\\HP\\Desktop\\Booking-Microservice\\backend\\admin-service\\node_modules\\router\\lib\\route.js:157:13)\n    at Route.dispatch (C:\\Users\\HP\\Desktop\\Booking-Microservice\\backend\\admin-service\\node_modules\\router\\lib\\route.js:117:3)\n    at handle (C:\\Users\\HP\\Desktop\\Booking-Microservice\\backend\\admin-service\\node_modules\\router\\index.js:435:11)\n    at Layer.handleRequest (C:\\Users\\HP\\Desktop\\Booking-Microservice\\backend\\admin-service\\node_modules\\router\\lib\\layer.js:152:17)\n    at C:\\Users\\HP\\Desktop\\Booking-Microservice\\backend\\admin-service\\node_modules\\router\\index.js:295:15\n    at processParams (C:\\Users\\HP\\Desktop\\Booking-Microservice\\backend\\admin-service\\node_modules\\router\\index.js:582:12)\n    at next (C:\\Users\\HP\\Desktop\\Booking-Microservice\\backend\\admin-service\\node_modules\\router\\index.js:291:5)","timestamp":"2026-06-10T15:04:56.565Z"}
{"level":"warn","message":"Method:POST | URL: /api/v1/screen/create-screen | StatusCode: 400 | Duration: 16ms | 400 Client Error","timestamp":"2026-06-10T15:04:56.575Z"}
{"level":"info","message":"Admin Service is running on port 6001","timestamp":"2026-06-10T15:05:45.179Z"}
{"level":"info","message":"Admin Service is running on port 6001","timestamp":"2026-06-10T15:06:11.016Z"}
{"level":"info","message":"Admin Service is running on port 6001","timestamp":"2026-06-10T15:06:26.899Z"}
{"level":"info","message":"Admin Service is running on port 6001","timestamp":"2026-06-10T15:07:03.706Z"}
{"level":"error","message":"Error: All fields like theaterId and name are required\n    at C:\\Users\\HP\\Desktop\\Booking-Microservice\\backend\\admin-service\\src\\controllers\\screen.controller.js:33:15\n    at C:\\Users\\HP\\Desktop\\Booking-Microservice\\backend\\admin-service\\src\\utils\\asyncHandler.js:2:28\n    at Layer.handleRequest (C:\\Users\\HP\\Desktop\\Booking-Microservice\\backend\\admin-service\\node_modules\\router\\lib\\layer.js:152:17)\n    at next (C:\\Users\\HP\\Desktop\\Booking-Microservice\\backend\\admin-service\\node_modules\\router\\lib\\route.js:157:13)\n    at Route.dispatch (C:\\Users\\HP\\Desktop\\Booking-Microservice\\backend\\admin-service\\node_modules\\router\\lib\\route.js:117:3)\n    at handle (C:\\Users\\HP\\Desktop\\Booking-Microservice\\backend\\admin-service\\node_modules\\router\\index.js:435:11)\n    at Layer.handleRequest (C:\\Users\\HP\\Desktop\\Booking-Microservice\\backend\\admin-service\\node_modules\\router\\lib\\layer.js:152:17)\n    at C:\\Users\\HP\\Desktop\\Booking-Microservice\\backend\\admin-service\\node_modules\\router\\index.js:295:15\n    at processParams (C:\\Users\\HP\\Desktop\\Booking-Microservice\\backend\\admin-service\\node_modules\\router\\index.js:582:12)\n    at next (C:\\Users\\HP\\Desktop\\Booking-Microservice\\backend\\admin-service\\node_modules\\router\\index.js:291:5)","timestamp":"2026-06-10T15:07:23.344Z"}
{"level":"warn","message":"Method:POST | URL: /api/v1/screen/create-screen | StatusCode: 400 | Duration: 10ms | 400 Client Error","timestamp":"2026-06-10T15:07:23.352Z"}
{"level":"info","message":"Admin Service is running on port 6001","timestamp":"2026-06-10T15:07:41.179Z"}
{"level":"error","message":"Error: All fields like theaterId and name are required\n    at C:\\Users\\HP\\Desktop\\Booking-Microservice\\backend\\admin-service\\src\\controllers\\screen.controller.js:33:15\n    at C:\\Users\\HP\\Desktop\\Booking-Microservice\\backend\\admin-service\\src\\utils\\asyncHandler.js:2:28\n    at Layer.handleRequest (C:\\Users\\HP\\Desktop\\Booking-Microservice\\backend\\admin-service\\node_modules\\router\\lib\\layer.js:152:17)\n    at next (C:\\Users\\HP\\Desktop\\Booking-Microservice\\backend\\admin-service\\node_modules\\router\\lib\\route.js:157:13)\n    at Route.dispatch (C:\\Users\\HP\\Desktop\\Booking-Microservice\\backend\\admin-service\\node_modules\\router\\lib\\route.js:117:3)\n    at handle (C:\\Users\\HP\\Desktop\\Booking-Microservice\\backend\\admin-service\\node_modules\\router\\index.js:435:11)\n    at Layer.handleRequest (C:\\Users\\HP\\Desktop\\Booking-Microservice\\backend\\admin-service\\node_modules\\router\\lib\\layer.js:152:17)\n    at C:\\Users\\HP\\Desktop\\Booking-Microservice\\backend\\admin-service\\node_modules\\router\\index.js:295:15\n    at processParams (C:\\Users\\HP\\Desktop\\Booking-Microservice\\backend\\admin-service\\node_modules\\router\\index.js:582:12)\n    at next (C:\\Users\\HP\\Desktop\\Booking-Microservice\\backend\\admin-service\\node_modules\\router\\index.js:291:5)","timestamp":"2026-06-10T15:08:03.251Z"}
{"level":"warn","message":"Method:POST | URL: /api/v1/screen/create-screen | StatusCode: 400 | Duration: 29ms | 400 Client Error","timestamp":"2026-06-10T15:08:03.275Z"}
{"level":"error","message":"Error: All fields like theaterId and name are required\n    at C:\\Users\\HP\\Desktop\\Booking-Microservice\\backend\\admin-service\\src\\controllers\\screen.controller.js:33:15\n    at C:\\Users\\HP\\Desktop\\Booking-Microservice\\backend\\admin-service\\src\\utils\\asyncHandler.js:2:28\n    at Layer.handleRequest (C:\\Users\\HP\\Desktop\\Booking-Microservice\\backend\\admin-service\\node_modules\\router\\lib\\layer.js:152:17)\n    at next (C:\\Users\\HP\\Desktop\\Booking-Microservice\\backend\\admin-service\\node_modules\\router\\lib\\route.js:157:13)\n    at Route.dispatch (C:\\Users\\HP\\Desktop\\Booking-Microservice\\backend\\admin-service\\node_modules\\router\\lib\\route.js:117:3)\n    at handle (C:\\Users\\HP\\Desktop\\Booking-Microservice\\backend\\admin-service\\node_modules\\router\\index.js:435:11)\n    at Layer.handleRequest (C:\\Users\\HP\\Desktop\\Booking-Microservice\\backend\\admin-service\\node_modules\\router\\lib\\layer.js:152:17)\n    at C:\\Users\\HP\\Desktop\\Booking-Microservice\\backend\\admin-service\\node_modules\\router\\index.js:295:15\n    at processParams (C:\\Users\\HP\\Desktop\\Booking-Microservice\\backend\\admin-service\\node_modules\\router\\index.js:582:12)\n    at next (C:\\Users\\HP\\Desktop\\Booking-Microservice\\backend\\admin-service\\node_modules\\router\\index.js:291:5)","timestamp":"2026-06-10T15:10:55.443Z"}
{"level":"warn","message":"Method:POST | URL: /api/v1/screen/create-screen | StatusCode: 400 | Duration: 11ms | 400 Client Error","timestamp":"2026-06-10T15:10:55.451Z"}
{"level":"info","message":"Admin Service is running on port 6001","timestamp":"2026-06-10T15:12:58.992Z"}
{"level":"error","message":"Error: All fields like theaterId and name are required\n    at C:\\Users\\HP\\Desktop\\Booking-Microservice\\backend\\admin-service\\src\\controllers\\screen.controller.js:33:15\n    at C:\\Users\\HP\\Desktop\\Booking-Microservice\\backend\\admin-service\\src\\utils\\asyncHandler.js:2:28\n    at Layer.handleRequest (C:\\Users\\HP\\Desktop\\Booking-Microservice\\backend\\admin-service\\node_modules\\router\\lib\\layer.js:152:17)\n    at next (C:\\Users\\HP\\Desktop\\Booking-Microservice\\backend\\admin-service\\node_modules\\router\\lib\\route.js:157:13)\n    at Route.dispatch (C:\\Users\\HP\\Desktop\\Booking-Microservice\\backend\\admin-service\\node_modules\\router\\lib\\route.js:117:3)\n    at handle (C:\\Users\\HP\\Desktop\\Booking-Microservice\\backend\\admin-service\\node_modules\\router\\index.js:435:11)\n    at Layer.handleRequest (C:\\Users\\HP\\Desktop\\Booking-Microservice\\backend\\admin-service\\node_modules\\router\\lib\\layer.js:152:17)\n    at C:\\Users\\HP\\Desktop\\Booking-Microservice\\backend\\admin-service\\node_modules\\router\\index.js:295:15\n    at processParams (C:\\Users\\HP\\Desktop\\Booking-Microservice\\backend\\admin-service\\node_modules\\router\\index.js:582:12)\n    at next (C:\\Users\\HP\\Desktop\\Booking-Microservice\\backend\\admin-service\\node_modules\\router\\index.js:291:5)","timestamp":"2026-06-10T15:13:51.842Z"}
{"level":"warn","message":"Method:POST | URL: /api/v1/screen/create-screen | StatusCode: 400 | Duration: 28ms | 400 Client Error","timestamp":"2026-06-10T15:13:51.865Z"}
{"level":"error","message":"Error: All fields like theaterId and name are required\n    at C:\\Users\\HP\\Desktop\\Booking-Microservice\\backend\\admin-service\\src\\controllers\\screen.controller.js:33:15\n    at C:\\Users\\HP\\Desktop\\Booking-Microservice\\backend\\admin-service\\src\\utils\\asyncHandler.js:2:28\n    at Layer.handleRequest (C:\\Users\\HP\\Desktop\\Booking-Microservice\\backend\\admin-service\\node_modules\\router\\lib\\layer.js:152:17)\n    at next (C:\\Users\\HP\\Desktop\\Booking-Microservice\\backend\\admin-service\\node_modules\\router\\lib\\route.js:157:13)\n    at Route.dispatch (C:\\Users\\HP\\Desktop\\Booking-Microservice\\backend\\admin-service\\node_modules\\router\\lib\\route.js:117:3)\n    at handle (C:\\Users\\HP\\Desktop\\Booking-Microservice\\backend\\admin-service\\node_modules\\router\\index.js:435:11)\n    at Layer.handleRequest (C:\\Users\\HP\\Desktop\\Booking-Microservice\\backend\\admin-service\\node_modules\\router\\lib\\layer.js:152:17)\n    at C:\\Users\\HP\\Desktop\\Booking-Microservice\\backend\\admin-service\\node_modules\\router\\index.js:295:15\n    at processParams (C:\\Users\\HP\\Desktop\\Booking-Microservice\\backend\\admin-service\\node_modules\\router\\index.js:582:12)\n    at next (C:\\Users\\HP\\Desktop\\Booking-Microservice\\backend\\admin-service\\node_modules\\router\\index.js:291:5)","timestamp":"2026-06-10T15:16:33.750Z"}
{"level":"warn","message":"Method:POST | URL: /api/v1/screen/create-screen | StatusCode: 400 | Duration: 18ms | 400 Client Error","timestamp":"2026-06-10T15:16:33.763Z"}
{"level":"error","message":"Error: All fields like theaterId and name are required\n    at C:\\Users\\HP\\Desktop\\Booking-Microservice\\backend\\admin-service\\src\\controllers\\screen.controller.js:33:15\n    at C:\\Users\\HP\\Desktop\\Booking-Microservice\\backend\\admin-service\\src\\utils\\asyncHandler.js:2:28\n    at Layer.handleRequest (C:\\Users\\HP\\Desktop\\Booking-Microservice\\backend\\admin-service\\node_modules\\router\\lib\\layer.js:152:17)\n    at next (C:\\Users\\HP\\Desktop\\Booking-Microservice\\backend\\admin-service\\node_modules\\router\\lib\\route.js:157:13)\n    at Route.dispatch (C:\\Users\\HP\\Desktop\\Booking-Microservice\\backend\\admin-service\\node_modules\\router\\lib\\route.js:117:3)\n    at handle (C:\\Users\\HP\\Desktop\\Booking-Microservice\\backend\\admin-service\\node_modules\\router\\index.js:435:11)\n    at Layer.handleRequest (C:\\Users\\HP\\Desktop\\Booking-Microservice\\backend\\admin-service\\node_modules\\router\\lib\\layer.js:152:17)\n    at C:\\Users\\HP\\Desktop\\Booking-Microservice\\backend\\admin-service\\node_modules\\router\\index.js:295:15\n    at processParams (C:\\Users\\HP\\Desktop\\Booking-Microservice\\backend\\admin-service\\node_modules\\router\\index.js:582:12)\n    at next (C:\\Users\\HP\\Desktop\\Booking-Microservice\\backend\\admin-service\\node_modules\\router\\index.js:291:5)","timestamp":"2026-06-10T15:16:35.415Z"}
{"level":"warn","message":"Method:POST | URL: /api/v1/screen/create-screen | StatusCode: 400 | Duration: 11ms | 400 Client Error","timestamp":"2026-06-10T15:16:35.424Z"}
{"level":"error","message":"ReferenceError: logger is not defined\n    at ScreenServices.createScreen (C:\\Users\\HP\\Desktop\\Booking-Microservice\\backend\\admin-service\\src\\services\\screen.service.js:32:9)\n    at process.processTicksAndRejections (node:internal/process/task_queues:105:5)\n    at async C:\\Users\\HP\\Desktop\\Booking-Microservice\\backend\\admin-service\\src\\controllers\\screen.controller.js:36:20","timestamp":"2026-06-10T15:17:47.570Z"}
{"level":"error","message":"Method:POST | URL: /api/v1/screen/create-screen | StatusCode: 500 | Duration: 680ms | 500 Internal Server Error","timestamp":"2026-06-10T15:17:47.575Z"}
{"level":"error","message":"Error: Screen already exists!\n    at ScreenServices.createScreen (C:\\Users\\HP\\Desktop\\Booking-Microservice\\backend\\admin-service\\src\\services\\screen.service.js:27:19)\n    at process.processTicksAndRejections (node:internal/process/task_queues:105:5)\n    at async C:\\Users\\HP\\Desktop\\Booking-Microservice\\backend\\admin-service\\src\\controllers\\screen.controller.js:36:20","timestamp":"2026-06-10T15:17:53.765Z"}
{"level":"warn","message":"Method:POST | URL: /api/v1/screen/create-screen | StatusCode: 409 | Duration: 24ms | 400 Client Error","timestamp":"2026-06-10T15:17:53.770Z"}
{"0":{"code":"QFX","createdAt":"2026-06-08T16:39:35.636Z","district":"Kathmandu","id":"1b1bcceb-ffbc-4070-8806-8b5fcab8881f","location":"Baneshwor","name":"QFXCinema","updatedAt":"2026-06-08T16:39:35.636Z"},"level":"info","message":"Theaters fetched successfully page:1 and limit:10","timestamp":"2026-06-10T15:18:52.883Z"}
{"level":"info","message":"Admin Service is running on port 6001","timestamp":"2026-06-10T15:20:27.917Z"}
{"level":"info","message":"Admin Service is running on port 6001","timestamp":"2026-06-10T15:22:46.469Z"}
{"level":"warn","message":"Method:GET | URL: /api/v1/screen/1b1bcceb-ffbc-4070-8806-8b5fcab8881f | StatusCode: 404 | Duration: 17ms | 400 Client Error","timestamp":"2026-06-10T15:23:48.537Z"}
{"level":"warn","message":"Method:GET | URL: /api/v1/screen/1b1bcceb-ffbc-4070-8806-8b5fcab8881f | StatusCode: 404 | Duration: 5ms | 400 Client Error","timestamp":"2026-06-10T15:24:32.243Z"}
{"level":"info","message":"Admin Service is running on port 6001","timestamp":"2026-06-10T15:24:41.903Z"}
{"level":"error","message":"ReferenceError: logger is not defined\n    at ScreenServices.getAllScreensByTheaterId (C:\\Users\\HP\\Desktop\\Booking-Microservice\\backend\\admin-service\\src\\services\\screen.service.js:51:9)\n    at process.processTicksAndRejections (node:internal/process/task_queues:105:5)\n    at async C:\\Users\\HP\\Desktop\\Booking-Microservice\\backend\\admin-service\\src\\controllers\\screen.controller.js:50:21","timestamp":"2026-06-10T15:24:44.991Z"}
{"level":"error","message":"Method:GET | URL: /api/v1/screen/1b1bcceb-ffbc-4070-8806-8b5fcab8881f | StatusCode: 500 | Duration: 652ms | 500 Internal Server Error","timestamp":"2026-06-10T15:24:45.008Z"}
{"level":"info","message":"Admin Service is running on port 6001","timestamp":"2026-06-10T15:25:11.945Z"}
{"level":"info","message":"Admin Service is running on port 6001","timestamp":"2026-06-10T15:25:59.064Z"}
{"level":"info","message":"Admin Service is running on port 6001","timestamp":"2026-06-10T15:26:04.440Z"}
{"existingScreens":[{"createdAt":"2026-06-10T15:17:47.522Z","id":"c3bf6a3a-7aeb-4ca6-a035-e1c39944f565","name":"Laser Auromax","theaterId":"1b1bcceb-ffbc-4070-8806-8b5fcab8881f","updatedAt":"2026-06-10T15:17:47.522Z"}],"level":"info","message":"Existing screens for theater id:1b1bcceb-ffbc-4070-8806-8b5fcab8881f","timestamp":"2026-06-10T15:26:12.161Z"}
{"level":"info","message":"Admin Service is running on port 6001","timestamp":"2026-06-11T12:56:22.108Z"}
{"level":"info","message":"Admin Service is running on port 6001","timestamp":"2026-06-11T12:56:30.801Z"}
{"level":"warn","message":"Method:POST | URL: /api/v1/movie | StatusCode: 404 | Duration: 3ms | 400 Client Error","timestamp":"2026-06-11T12:58:28.627Z"}
{"level":"warn","message":"Method:POST | URL: /api/v1/movies | StatusCode: 404 | Duration: 2ms | 400 Client Error","timestamp":"2026-06-11T12:58:37.652Z"}
{"level":"error","message":"PrismaClientValidationError: \nInvalid `prisma.movie.findUnique()` invocation in\nC:\\Users\\HP\\Desktop\\Booking-Microservice\\backend\\admin-service\\src\\services\\movie.service.js:10:50\n\n   7 const { title, description, language, genre, durationMins, contentRating, posterUrl, releaseDate } = data;\n   8 \n   9 // check if the movie already exists \n→ 10 const existingMovie = await prisma.movie.findUnique({\n       where: {\n         title: \"Deadpool & Wolverine: Resurgence\",\n     ?   id?: String,\n     ?   AND?: MovieWhereInput | MovieWhereInput[],\n     ?   OR?: MovieWhereInput[],\n     ?   NOT?: MovieWhereInput | MovieWhereInput[],\n     ?   description?: StringNullableFilter | String | Null,\n     ?   language?: StringFilter | String,\n     ?   genre?: StringFilter | String,\n     ?   durationMins?: IntFilter | Int,\n     ?   contentRating?: StringFilter | String,\n     ?   posterUrl?: StringNullableFilter | String | Null,\n     ?   releaseDate?: DateTimeNullableFilter | DateTime | Null,\n     ?   active?: BoolFilter | Boolean,\n     ?   createdAt?: DateTimeFilter | DateTime,\n     ?   updatedAt?: DateTimeFilter | DateTime,\n     ?   showtimes?: ShowtimeListRelationFilter\n       }\n     })\n\nArgument `where` of type MovieWhereUniqueInput needs at least one of `id` arguments. Available options are marked with ?.\n    at ar (C:\\Users\\HP\\Desktop\\Booking-Microservice\\backend\\admin-service\\node_modules\\@prisma\\client\\runtime\\client.js:10:1374)\n    at zr.handleRequestError (C:\\Users\\HP\\Desktop\\Booking-Microservice\\backend\\admin-service\\node_modules\\@prisma\\client\\runtime\\client.js:65:7929)\n    at zr.handleAndLogRequestError (C:\\Users\\HP\\Desktop\\Booking-Microservice\\backend\\admin-service\\node_modules\\@prisma\\client\\runtime\\client.js:65:7581)\n    at zr.request (C:\\Users\\HP\\Desktop\\Booking-Microservice\\backend\\admin-service\\node_modules\\@prisma\\client\\runtime\\client.js:65:7288)\n    at process.processTicksAndRejections (node:internal/process/task_queues:105:5)\n    at async a (C:\\Users\\HP\\Desktop\\Booking-Microservice\\backend\\admin-service\\node_modules\\@prisma\\client\\runtime\\client.js:75:6862)\n    at async MovieService.createMovie (C:\\Users\\HP\\Desktop\\Booking-Microservice\\backend\\admin-service\\src\\services\\movie.service.js:10:31)\n    at async C:\\Users\\HP\\Desktop\\Booking-Microservice\\backend\\admin-service\\src\\controllers\\movie.controller.js:42:19","timestamp":"2026-06-11T12:59:45.548Z"}
{"level":"error","message":"Method:POST | URL: /api/v1/movies/create | StatusCode: 500 | Duration: 109ms | 500 Internal Server Error","timestamp":"2026-06-11T12:59:45.555Z"}
{"level":"info","message":"Admin Service is running on port 6001","timestamp":"2026-06-11T13:01:03.769Z"}
{"level":"info","message":"Admin Service is running on port 6001","timestamp":"2026-06-11T13:01:05.020Z"}
{"level":"error","message":"TypeError: prisma.movie.find is not a function\n    at MovieService.createMovie (C:\\Users\\HP\\Desktop\\Booking-Microservice\\backend\\admin-service\\src\\services\\movie.service.js:10:50)\n    at C:\\Users\\HP\\Desktop\\Booking-Microservice\\backend\\admin-service\\src\\controllers\\movie.controller.js:42:38\n    at C:\\Users\\HP\\Desktop\\Booking-Microservice\\backend\\admin-service\\src\\utils\\asyncHandler.js:2:28\n    at Layer.handleRequest (C:\\Users\\HP\\Desktop\\Booking-Microservice\\backend\\admin-service\\node_modules\\router\\lib\\layer.js:152:17)\n    at next (C:\\Users\\HP\\Desktop\\Booking-Microservice\\backend\\admin-service\\node_modules\\router\\lib\\route.js:157:13)\n    at Route.dispatch (C:\\Users\\HP\\Desktop\\Booking-Microservice\\backend\\admin-service\\node_modules\\router\\lib\\route.js:117:3)\n    at handle (C:\\Users\\HP\\Desktop\\Booking-Microservice\\backend\\admin-service\\node_modules\\router\\index.js:435:11)\n    at Layer.handleRequest (C:\\Users\\HP\\Desktop\\Booking-Microservice\\backend\\admin-service\\node_modules\\router\\lib\\layer.js:152:17)\n    at C:\\Users\\HP\\Desktop\\Booking-Microservice\\backend\\admin-service\\node_modules\\router\\index.js:295:15\n    at processParams (C:\\Users\\HP\\Desktop\\Booking-Microservice\\backend\\admin-service\\node_modules\\router\\index.js:582:12)","timestamp":"2026-06-11T13:01:10.345Z"}
{"level":"error","message":"Method:POST | URL: /api/v1/movies/create | StatusCode: 500 | Duration: 12ms | 500 Internal Server Error","timestamp":"2026-06-11T13:01:10.354Z"}
{"level":"info","message":"Admin Service is running on port 6001","timestamp":"2026-06-11T13:01:52.821Z"}
{"level":"info","message":"Admin Service is running on port 6001","timestamp":"2026-06-11T13:01:53.715Z"}
{"level":"info","message":"Movie created successfully","timestamp":"2026-06-11T13:02:08.415Z"}
{"level":"info","message":"Movie with id: 10a74686-1637-4cb5-824e-02f402970f9b and title: Deadpool & Wolverine: Resurgence fetched successfully","timestamp":"2026-06-11T13:03:14.164Z"}
{"level":"info","message":"Admin Service is running on port 6001","timestamp":"2026-06-11T13:06:22.515Z"}
{"level":"info","message":"Admin Service is running on port 6001","timestamp":"2026-06-11T13:11:40.256Z"}
{"level":"info","message":"Admin Service is running on port 6001","timestamp":"2026-06-11T13:11:43.728Z"}
{"level":"info","message":"Admin Service is running on port 6001","timestamp":"2026-06-11T13:12:13.920Z"}
{"level":"info","message":"Admin Service is running on port 6001","timestamp":"2026-06-11T13:13:32.236Z"}
{"level":"info","message":"Admin Service is running on port 6001","timestamp":"2026-06-11T13:13:34.952Z"}
{"level":"info","message":"Admin Service is running on port 6001","timestamp":"2026-06-11T13:13:52.269Z"}
{"level":"info","message":"Admin Service is running on port 6001","timestamp":"2026-06-11T13:14:05.675Z"}
{"level":"info","message":"Admin Service is running on port 6001","timestamp":"2026-06-11T13:14:10.836Z"}
{"level":"info","message":"Admin Service is running on port 6001","timestamp":"2026-06-11T13:15:31.139Z"}
{"level":"info","message":"Admin Service is running on port 6001","timestamp":"2026-06-11T13:16:49.808Z"}
{"level":"info","message":"Admin Service is running on port 6001","timestamp":"2026-06-11T13:17:18.009Z"}
{"level":"info","message":"Admin Service is running on port 6001","timestamp":"2026-06-11T13:18:32.524Z"}
{"level":"info","message":"Admin Service is running on port 6001","timestamp":"2026-06-11T13:18:48.496Z"}
{"level":"info","message":"Admin Service is running on port 6001","timestamp":"2026-06-11T13:19:55.182Z"}
{"id":"73367fd0-4819-4bd7-94d5-c7e41b2d5619","level":"info","message":"Screen created for the theater id:1b1bcceb-ffbc-4070-8806-8b5fcab8881f","timestamp":"2026-06-11T13:24:30.208Z"}
{"level":"info","message":"Admin Service is running on port 6001","timestamp":"2026-06-11T13:28:47.758Z"}
{"level":"info","message":"Admin Service is running on port 6001","timestamp":"2026-06-11T13:31:44.190Z"}
{"level":"info","message":"Admin Service is running on port 6001","timestamp":"2026-06-11T13:32:13.174Z"}
{"level":"info","message":"Admin Service is running on port 6001","timestamp":"2026-06-11T13:32:19.260Z"}
{"level":"info","message":"Admin Service is running on port 6001","timestamp":"2026-06-11T13:33:04.473Z"}
{"level":"error","message":"PrismaClientValidationError: \nInvalid `tx.seat.createMany()` invocation in\nC:\\Users\\HP\\Desktop\\Booking-Microservice\\backend\\admin-service\\src\\services\\screen.service.js:82:34\n\n  79 });\n  80 \n  81 // Bulk insert all generated seats at once\n→ 82 return await tx.seat.createMany({\n       data: [\n         {\n           screenId: \"73367fd0-4819-4bd7-94d5-c7e41b2d5619\",\n           type: \"PLATINUM\",\n           row: \"A\",\n           number: 1\n         },\n         {\n           screenId: \"73367fd0-4819-4bd7-94d5-c7e41b2d5619\",\n           type: \"PLATINUM\",\n           row: \"A\",\n           number: 2\n         },\n         {\n           screenId: \"73367fd0-4819-4bd7-94d5-c7e41b2d5619\",\n           type: \"PLATINUM\",\n           row: \"A\",\n           number: 3\n         },\n         {\n           screenId: \"73367fd0-4819-4bd7-94d5-c7e41b2d5619\",\n           type: \"PLATINUM\",\n           row: \"A\",\n           number: 4\n         },\n         {\n           screenId: \"73367fd0-4819-4bd7-94d5-c7e41b2d5619\",\n           type: \"PLATINUM\",\n           row: \"A\",\n           number: 5\n         },\n         {\n           screenId: \"73367fd0-4819-4bd7-94d5-c7e41b2d5619\",\n           type: \"PLATINUM\",\n           row: \"A\",\n           number: 6\n         },\n         {\n           screenId: \"73367fd0-4819-4bd7-94d5-c7e41b2d5619\",\n           type: \"PLATINUM\",\n           row: \"A\",\n           number: 7\n         },\n         {\n           screenId: \"73367fd0-4819-4bd7-94d5-c7e41b2d5619\",\n           type: \"PLATINUM\",\n           row: \"A\",\n           number: 8\n         },\n         {\n           screenId: \"73367fd0-4819-4bd7-94d5-c7e41b2d5619\",\n           type: \"PLATINUM\",\n           row: \"A\",\n           number: 9\n         },\n         {\n           screenId: \"73367fd0-4819-4bd7-94d5-c7e41b2d5619\",\n           type: \"PLATINUM\",\n           row: \"A\",\n           number: 10\n         },\n         {\n           screenId: \"73367fd0-4819-4bd7-94d5-c7e41b2d5619\",\n           type: \"PLATINUM\",\n           row: \"A\",\n           number: 11\n         },\n         {\n           screenId: \"73367fd0-4819-4bd7-94d5-c7e41b2d5619\",\n           type: \"PLATINUM\",\n           row: \"A\",\n           number: 12\n         },\n         {\n           screenId: \"73367fd0-4819-4bd7-94d5-c7e41b2d5619\",\n           type: \"PLATINUM\",\n           row: \"B\",\n           number: 1\n         },\n         {\n           screenId: \"73367fd0-4819-4bd7-94d5-c7e41b2d5619\",\n           type: \"PLATINUM\",\n           row: \"B\",\n           number: 2\n         },\n         {\n           screenId: \"73367fd0-4819-4bd7-94d5-c7e41b2d5619\",\n           type: \"PLATINUM\",\n           row: \"B\",\n           number: 3\n         },\n         {\n           screenId: \"73367fd0-4819-4bd7-94d5-c7e41b2d5619\",\n           type: \"PLATINUM\",\n           row: \"B\",\n           number: 4\n         },\n         {\n           screenId: \"73367fd0-4819-4bd7-94d5-c7e41b2d5619\",\n           type: \"PLATINUM\",\n           row: \"B\",\n           number: 5\n         },\n         {\n           screenId: \"73367fd0-4819-4bd7-94d5-c7e41b2d5619\",\n           type: \"PLATINUM\",\n           row: \"B\",\n           number: 6\n         },\n         {\n           screenId: \"73367fd0-4819-4bd7-94d5-c7e41b2d5619\",\n           type: \"PLATINUM\",\n           row: \"B\",\n           number: 7\n         },\n         {\n           screenId: \"73367fd0-4819-4bd7-94d5-c7e41b2d5619\",\n           type: \"PLATINUM\",\n           row: \"B\",\n           number: 8\n         },\n         {\n           screenId: \"73367fd0-4819-4bd7-94d5-c7e41b2d5619\",\n           type: \"PLATINUM\",\n           row: \"B\",\n           number: 9\n         },\n         {\n           screenId: \"73367fd0-4819-4bd7-94d5-c7e41b2d5619\",\n           type: \"PLATINUM\",\n           row: \"B\",\n           number: 10\n         },\n         {\n           screenId: \"73367fd0-4819-4bd7-94d5-c7e41b2d5619\",\n           type: \"PLATINUM\",\n           row: \"B\",\n           number: 11\n         },\n         {\n           screenId: \"73367fd0-4819-4bd7-94d5-c7e41b2d5619\",\n           type: \"PLATINUM\",\n           row: \"B\",\n           number: 12\n         },\n         {\n           screenId: \"73367fd0-4819-4bd7-94d5-c7e41b2d5619\",\n           type: \"REGULAR\",\n           row: \"C\",\n           number: 1\n         },\n         {\n           screenId: \"73367fd0-4819-4bd7-94d5-c7e41b2d5619\",\n           type: \"REGULAR\",\n           row: \"C\",\n           number: 2\n         },\n         {\n           screenId: \"73367fd0-4819-4bd7-94d5-c7e41b2d5619\",\n           type: \"REGULAR\",\n           row: \"C\",\n           number: 3\n         },\n         {\n           screenId: \"73367fd0-4819-4bd7-94d5-c7e41b2d5619\",\n           type: \"REGULAR\",\n           row: \"C\",\n           number: 4\n         },\n         {\n           screenId: \"73367fd0-4819-4bd7-94d5-c7e41b2d5619\",\n           type: \"REGULAR\",\n           row: \"C\",\n           number: 5\n         },\n         {\n           screenId: \"73367fd0-4819-4bd7-94d5-c7e41b2d5619\",\n           type: \"REGULAR\",\n           row: \"C\",\n           number: 6\n         },\n         {\n           screenId: \"73367fd0-4819-4bd7-94d5-c7e41b2d5619\",\n           type: \"REGULAR\",\n           row: \"C\",\n           number: 7\n         },\n         {\n           screenId: \"73367fd0-4819-4bd7-94d5-c7e41b2d5619\",\n           type: \"REGULAR\",\n           row: \"C\",\n           number: 8\n         },\n         {\n           screenId: \"73367fd0-4819-4bd7-94d5-c7e41b2d5619\",\n           type: \"REGULAR\",\n           row: \"C\",\n           number: 9\n         },\n         {\n           screenId: \"73367fd0-4819-4bd7-94d5-c7e41b2d5619\",\n           type: \"REGULAR\",\n           row: \"C\",\n           number: 10\n         },\n         {\n           screenId: \"73367fd0-4819-4bd7-94d5-c7e41b2d5619\",\n           type: \"REGULAR\",\n           row: \"C\",\n           number: 11\n         },\n         {\n           screenId: \"73367fd0-4819-4bd7-94d5-c7e41b2d5619\",\n           type: \"REGULAR\",\n           row: \"C\",\n           number: 12\n         },\n         {\n           screenId: \"73367fd0-4819-4bd7-94d5-c7e41b2d5619\",\n           type: \"REGULAR\",\n           row: \"C\",\n           number: 13\n         },\n         {\n           screenId: \"73367fd0-4819-4bd7-94d5-c7e41b2d5619\",\n           type: \"REGULAR\",\n           row: \"C\",\n           number: 14\n         },\n         {\n           screenId: \"73367fd0-4819-4bd7-94d5-c7e41b2d5619\",\n           type: \"REGULAR\",\n           row: \"C\",\n           number: 15\n         },\n         {\n           screenId: \"73367fd0-4819-4bd7-94d5-c7e41b2d5619\",\n           type: \"REGULAR\",\n           row: \"C\",\n           number: 16\n         },\n         {\n           screenId: \"73367fd0-4819-4bd7-94d5-c7e41b2d5619\",\n           type: \"REGULAR\",\n           row: \"D\",\n           number: 1\n         },\n         {\n           screenId: \"73367fd0-4819-4bd7-94d5-c7e41b2d5619\",\n           type: \"REGULAR\",\n           row: \"D\",\n           number: 2\n         },\n         {\n           screenId: \"73367fd0-4819-4bd7-94d5-c7e41b2d5619\",\n           type: \"REGULAR\",\n           row: \"D\",\n           number: 3\n         },\n         {\n           screenId: \"73367fd0-4819-4bd7-94d5-c7e41b2d5619\",\n           type: \"REGULAR\",\n           row: \"D\",\n           number: 4\n         },\n         {\n           screenId: \"73367fd0-4819-4bd7-94d5-c7e41b2d5619\",\n           type: \"REGULAR\",\n           row: \"D\",\n           number: 5\n         },\n         {\n           screenId: \"73367fd0-4819-4bd7-94d5-c7e41b2d5619\",\n           type: \"REGULAR\",\n           row: \"D\",\n           number: 6\n         },\n         {\n           screenId: \"73367fd0-4819-4bd7-94d5-c7e41b2d5619\",\n           type: \"REGULAR\",\n           row: \"D\",\n           number: 7\n         },\n         {\n           screenId: \"73367fd0-4819-4bd7-94d5-c7e41b2d5619\",\n           type: \"REGULAR\",\n           row: \"D\",\n           number: 8\n         },\n         {\n           screenId: \"73367fd0-4819-4bd7-94d5-c7e41b2d5619\",\n           type: \"REGULAR\",\n           row: \"D\",\n           number: 9\n         },\n         {\n           screenId: \"73367fd0-4819-4bd7-94d5-c7e41b2d5619\",\n           type: \"REGULAR\",\n           row: \"D\",\n           number: 10\n         },\n         {\n           screenId: \"73367fd0-4819-4bd7-94d5-c7e41b2d5619\",\n           type: \"REGULAR\",\n           row: \"D\",\n           number: 11\n         },\n         {\n           screenId: \"73367fd0-4819-4bd7-94d5-c7e41b2d5619\",\n           type: \"REGULAR\",\n           row: \"D\",\n           number: 12\n         },\n         {\n           screenId: \"73367fd0-4819-4bd7-94d5-c7e41b2d5619\",\n           type: \"REGULAR\",\n           row: \"D\",\n           number: 13\n         },\n         {\n           screenId: \"73367fd0-4819-4bd7-94d5-c7e41b2d5619\",\n           type: \"REGULAR\",\n           row: \"D\",\n           number: 14\n         },\n         {\n           screenId: \"73367fd0-4819-4bd7-94d5-c7e41b2d5619\",\n           type: \"REGULAR\",\n           row: \"D\",\n           number: 15\n         },\n         {\n           screenId: \"73367fd0-4819-4bd7-94d5-c7e41b2d5619\",\n           type: \"REGULAR\",\n           row: \"D\",\n           number: 16\n         },\n         {\n           screenId: \"73367fd0-4819-4bd7-94d5-c7e41b2d5619\",\n           type: \"SOFA\",\n           row: \"E\",\n           number: 1\n         },\n         {\n           screenId: \"73367fd0-4819-4bd7-94d5-c7e41b2d5619\",\n           type: \"SOFA\",\n           row: \"E\",\n           number: 2\n         },\n         {\n           screenId: \"73367fd0-4819-4bd7-94d5-c7e41b2d5619\",\n           type: \"SOFA\",\n           row: \"E\",\n           number: 3\n         },\n         {\n           screenId: \"73367fd0-4819-4bd7-94d5-c7e41b2d5619\",\n           type: \"SOFA\",\n           row: \"E\",\n           number: 4\n         },\n         {\n           screenId: \"73367fd0-4819-4bd7-94d5-c7e41b2d5619\",\n           type: \"SOFA\",\n           row: \"E\",\n           number: 5\n         },\n         {\n           screenId: \"73367fd0-4819-4bd7-94d5-c7e41b2d5619\",\n           type: \"SOFA\",\n           row: \"E\",\n           number: 6\n         },\n         {\n           screenId: \"73367fd0-4819-4bd7-94d5-c7e41b2d5619\",\n           type: \"SOFA\",\n           row: \"E\",\n           number: 7\n         },\n         {\n           screenId: \"73367fd0-4819-4bd7-94d5-c7e41b2d5619\",\n           type: \"SOFA\",\n           row: \"E\",\n           number: 8\n         },\n         {\n           screenId: \"73367fd0-4819-4bd7-94d5-c7e41b2d5619\",\n           type: \"SOFA\",\n           row: \"E\",\n           number: 9\n         },\n         {\n           screenId: \"73367fd0-4819-4bd7-94d5-c7e41b2d5619\",\n           type: \"SOFA\",\n           row: \"E\",\n           number: 10\n         }\n       ],\n       skipDuplicates: true\n     })\n\nInvalid value for argument `type`. Expected SeatType.\n    at ar (C:\\Users\\HP\\Desktop\\Booking-Microservice\\backend\\admin-service\\node_modules\\@prisma\\client\\runtime\\client.js:10:1374)\n    at zr.handleRequestError (C:\\Users\\HP\\Desktop\\Booking-Microservice\\backend\\admin-service\\node_modules\\@prisma\\client\\runtime\\client.js:65:7929)\n    at zr.handleAndLogRequestError (C:\\Users\\HP\\Desktop\\Booking-Microservice\\backend\\admin-service\\node_modules\\@prisma\\client\\runtime\\client.js:65:7581)\n    at zr.request (C:\\Users\\HP\\Desktop\\Booking-Microservice\\backend\\admin-service\\node_modules\\@prisma\\client\\runtime\\client.js:65:7288)\n    at process.processTicksAndRejections (node:internal/process/task_queues:105:5)\n    at async a (C:\\Users\\HP\\Desktop\\Booking-Microservice\\backend\\admin-service\\node_modules\\@prisma\\client\\runtime\\client.js:75:6862)\n    at async C:\\Users\\HP\\Desktop\\Booking-Microservice\\backend\\admin-service\\src\\services\\screen.service.js:82:20\n    at async Proxy._transactionWithCallback (C:\\Users\\HP\\Desktop\\Booking-Microservice\\backend\\admin-service\\node_modules\\@prisma\\client\\runtime\\client.js:75:4800)\n    at async ScreenServices.configureScreenSeats (C:\\Users\\HP\\Desktop\\Booking-Microservice\\backend\\admin-service\\src\\services\\screen.service.js:75:16)\n    at async C:\\Users\\HP\\Desktop\\Booking-Microservice\\backend\\admin-service\\src\\controllers\\screen.controller.js:66:24","timestamp":"2026-06-11T13:33:27.042Z"}
{"level":"error","message":"Method:POST | URL: /api/v1/screen/73367fd0-4819-4bd7-94d5-c7e41b2d5619/seats | StatusCode: 500 | Duration: 787ms | 500 Internal Server Error","timestamp":"2026-06-11T13:33:27.104Z"}
{"level":"info","message":"Admin Service is running on port 6001","timestamp":"2026-06-11T13:34:39.390Z"}
{"level":"error","message":"PrismaClientValidationError: \nInvalid `tx.seat.createMany()` invocation in\nC:\\Users\\HP\\Desktop\\Booking-Microservice\\backend\\admin-service\\src\\services\\screen.service.js:81:34\n\n  78 });\n  79 \n  80 // Bulk insert all generated seats at once\n→ 81 return await tx.seat.createMany({\n       data: [\n         {\n           screenId: \"73367fd0-4819-4bd7-94d5-c7e41b2d5619\",\n           type: \"PLATINUM\",\n           row: \"A\",\n           number: 1\n         },\n         {\n           screenId: \"73367fd0-4819-4bd7-94d5-c7e41b2d5619\",\n           type: \"PLATINUM\",\n           row: \"A\",\n           number: 2\n         },\n         {\n           screenId: \"73367fd0-4819-4bd7-94d5-c7e41b2d5619\",\n           type: \"PLATINUM\",\n           row: \"A\",\n           number: 3\n         },\n         {\n           screenId: \"73367fd0-4819-4bd7-94d5-c7e41b2d5619\",\n           type: \"PLATINUM\",\n           row: \"A\",\n           number: 4\n         },\n         {\n           screenId: \"73367fd0-4819-4bd7-94d5-c7e41b2d5619\",\n           type: \"PLATINUM\",\n           row: \"A\",\n           number: 5\n         },\n         {\n           screenId: \"73367fd0-4819-4bd7-94d5-c7e41b2d5619\",\n           type: \"PLATINUM\",\n           row: \"A\",\n           number: 6\n         },\n         {\n           screenId: \"73367fd0-4819-4bd7-94d5-c7e41b2d5619\",\n           type: \"PLATINUM\",\n           row: \"A\",\n           number: 7\n         },\n         {\n           screenId: \"73367fd0-4819-4bd7-94d5-c7e41b2d5619\",\n           type: \"PLATINUM\",\n           row: \"A\",\n           number: 8\n         },\n         {\n           screenId: \"73367fd0-4819-4bd7-94d5-c7e41b2d5619\",\n           type: \"PLATINUM\",\n           row: \"A\",\n           number: 9\n         },\n         {\n           screenId: \"73367fd0-4819-4bd7-94d5-c7e41b2d5619\",\n           type: \"PLATINUM\",\n           row: \"A\",\n           number: 10\n         },\n         {\n           screenId: \"73367fd0-4819-4bd7-94d5-c7e41b2d5619\",\n           type: \"PLATINUM\",\n           row: \"A\",\n           number: 11\n         },\n         {\n           screenId: \"73367fd0-4819-4bd7-94d5-c7e41b2d5619\",\n           type: \"PLATINUM\",\n           row: \"A\",\n           number: 12\n         },\n         {\n           screenId: \"73367fd0-4819-4bd7-94d5-c7e41b2d5619\",\n           type: \"PLATINUM\",\n           row: \"B\",\n           number: 1\n         },\n         {\n           screenId: \"73367fd0-4819-4bd7-94d5-c7e41b2d5619\",\n           type: \"PLATINUM\",\n           row: \"B\",\n           number: 2\n         },\n         {\n           screenId: \"73367fd0-4819-4bd7-94d5-c7e41b2d5619\",\n           type: \"PLATINUM\",\n           row: \"B\",\n           number: 3\n         },\n         {\n           screenId: \"73367fd0-4819-4bd7-94d5-c7e41b2d5619\",\n           type: \"PLATINUM\",\n           row: \"B\",\n           number: 4\n         },\n         {\n           screenId: \"73367fd0-4819-4bd7-94d5-c7e41b2d5619\",\n           type: \"PLATINUM\",\n           row: \"B\",\n           number: 5\n         },\n         {\n           screenId: \"73367fd0-4819-4bd7-94d5-c7e41b2d5619\",\n           type: \"PLATINUM\",\n           row: \"B\",\n           number: 6\n         },\n         {\n           screenId: \"73367fd0-4819-4bd7-94d5-c7e41b2d5619\",\n           type: \"PLATINUM\",\n           row: \"B\",\n           number: 7\n         },\n         {\n           screenId: \"73367fd0-4819-4bd7-94d5-c7e41b2d5619\",\n           type: \"PLATINUM\",\n           row: \"B\",\n           number: 8\n         },\n         {\n           screenId: \"73367fd0-4819-4bd7-94d5-c7e41b2d5619\",\n           type: \"PLATINUM\",\n           row: \"B\",\n           number: 9\n         },\n         {\n           screenId: \"73367fd0-4819-4bd7-94d5-c7e41b2d5619\",\n           type: \"PLATINUM\",\n           row: \"B\",\n           number: 10\n         },\n         {\n           screenId: \"73367fd0-4819-4bd7-94d5-c7e41b2d5619\",\n           type: \"PLATINUM\",\n           row: \"B\",\n           number: 11\n         },\n         {\n           screenId: \"73367fd0-4819-4bd7-94d5-c7e41b2d5619\",\n           type: \"PLATINUM\",\n           row: \"B\",\n           number: 12\n         },\n         {\n           screenId: \"73367fd0-4819-4bd7-94d5-c7e41b2d5619\",\n           type: \"REGULAR\",\n           row: \"C\",\n           number: 1\n         },\n         {\n           screenId: \"73367fd0-4819-4bd7-94d5-c7e41b2d5619\",\n           type: \"REGULAR\",\n           row: \"C\",\n           number: 2\n         },\n         {\n           screenId: \"73367fd0-4819-4bd7-94d5-c7e41b2d5619\",\n           type: \"REGULAR\",\n           row: \"C\",\n           number: 3\n         },\n         {\n           screenId: \"73367fd0-4819-4bd7-94d5-c7e41b2d5619\",\n           type: \"REGULAR\",\n           row: \"C\",\n           number: 4\n         },\n         {\n           screenId: \"73367fd0-4819-4bd7-94d5-c7e41b2d5619\",\n           type: \"REGULAR\",\n           row: \"C\",\n           number: 5\n         },\n         {\n           screenId: \"73367fd0-4819-4bd7-94d5-c7e41b2d5619\",\n           type: \"REGULAR\",\n           row: \"C\",\n           number: 6\n         },\n         {\n           screenId: \"73367fd0-4819-4bd7-94d5-c7e41b2d5619\",\n           type: \"REGULAR\",\n           row: \"C\",\n           number: 7\n         },\n         {\n           screenId: \"73367fd0-4819-4bd7-94d5-c7e41b2d5619\",\n           type: \"REGULAR\",\n           row: \"C\",\n           number: 8\n         },\n         {\n           screenId: \"73367fd0-4819-4bd7-94d5-c7e41b2d5619\",\n           type: \"REGULAR\",\n           row: \"C\",\n           number: 9\n         },\n         {\n           screenId: \"73367fd0-4819-4bd7-94d5-c7e41b2d5619\",\n           type: \"REGULAR\",\n           row: \"C\",\n           number: 10\n         },\n         {\n           screenId: \"73367fd0-4819-4bd7-94d5-c7e41b2d5619\",\n           type: \"REGULAR\",\n           row: \"C\",\n           number: 11\n         },\n         {\n           screenId: \"73367fd0-4819-4bd7-94d5-c7e41b2d5619\",\n           type: \"REGULAR\",\n           row: \"C\",\n           number: 12\n         },\n         {\n           screenId: \"73367fd0-4819-4bd7-94d5-c7e41b2d5619\",\n           type: \"REGULAR\",\n           row: \"C\",\n           number: 13\n         },\n         {\n           screenId: \"73367fd0-4819-4bd7-94d5-c7e41b2d5619\",\n           type: \"REGULAR\",\n           row: \"C\",\n           number: 14\n         },\n         {\n           screenId: \"73367fd0-4819-4bd7-94d5-c7e41b2d5619\",\n           type: \"REGULAR\",\n           row: \"C\",\n           number: 15\n         },\n         {\n           screenId: \"73367fd0-4819-4bd7-94d5-c7e41b2d5619\",\n           type: \"REGULAR\",\n           row: \"C\",\n           number: 16\n         },\n         {\n           screenId: \"73367fd0-4819-4bd7-94d5-c7e41b2d5619\",\n           type: \"REGULAR\",\n           row: \"D\",\n           number: 1\n         },\n         {\n           screenId: \"73367fd0-4819-4bd7-94d5-c7e41b2d5619\",\n           type: \"REGULAR\",\n           row: \"D\",\n           number: 2\n         },\n         {\n           screenId: \"73367fd0-4819-4bd7-94d5-c7e41b2d5619\",\n           type: \"REGULAR\",\n           row: \"D\",\n           number: 3\n         },\n         {\n           screenId: \"73367fd0-4819-4bd7-94d5-c7e41b2d5619\",\n           type: \"REGULAR\",\n           row: \"D\",\n           number: 4\n         },\n         {\n           screenId: \"73367fd0-4819-4bd7-94d5-c7e41b2d5619\",\n           type: \"REGULAR\",\n           row: \"D\",\n           number: 5\n         },\n         {\n           screenId: \"73367fd0-4819-4bd7-94d5-c7e41b2d5619\",\n           type: \"REGULAR\",\n           row: \"D\",\n           number: 6\n         },\n         {\n           screenId: \"73367fd0-4819-4bd7-94d5-c7e41b2d5619\",\n           type: \"REGULAR\",\n           row: \"D\",\n           number: 7\n         },\n         {\n           screenId: \"73367fd0-4819-4bd7-94d5-c7e41b2d5619\",\n           type: \"REGULAR\",\n           row: \"D\",\n           number: 8\n         },\n         {\n           screenId: \"73367fd0-4819-4bd7-94d5-c7e41b2d5619\",\n           type: \"REGULAR\",\n           row: \"D\",\n           number: 9\n         },\n         {\n           screenId: \"73367fd0-4819-4bd7-94d5-c7e41b2d5619\",\n           type: \"REGULAR\",\n           row: \"D\",\n           number: 10\n         },\n         {\n           screenId: \"73367fd0-4819-4bd7-94d5-c7e41b2d5619\",\n           type: \"REGULAR\",\n           row: \"D\",\n           number: 11\n         },\n         {\n           screenId: \"73367fd0-4819-4bd7-94d5-c7e41b2d5619\",\n           type: \"REGULAR\",\n           row: \"D\",\n           number: 12\n         },\n         {\n           screenId: \"73367fd0-4819-4bd7-94d5-c7e41b2d5619\",\n           type: \"REGULAR\",\n           row: \"D\",\n           number: 13\n         },\n         {\n           screenId: \"73367fd0-4819-4bd7-94d5-c7e41b2d5619\",\n           type: \"REGULAR\",\n           row: \"D\",\n           number: 14\n         },\n         {\n           screenId: \"73367fd0-4819-4bd7-94d5-c7e41b2d5619\",\n           type: \"REGULAR\",\n           row: \"D\",\n           number: 15\n         },\n         {\n           screenId: \"73367fd0-4819-4bd7-94d5-c7e41b2d5619\",\n           type: \"REGULAR\",\n           row: \"D\",\n           number: 16\n         },\n         {\n           screenId: \"73367fd0-4819-4bd7-94d5-c7e41b2d5619\",\n           type: \"SOFA\",\n           row: \"E\",\n           number: 1\n         },\n         {\n           screenId: \"73367fd0-4819-4bd7-94d5-c7e41b2d5619\",\n           type: \"SOFA\",\n           row: \"E\",\n           number: 2\n         },\n         {\n           screenId: \"73367fd0-4819-4bd7-94d5-c7e41b2d5619\",\n           type: \"SOFA\",\n           row: \"E\",\n           number: 3\n         },\n         {\n           screenId: \"73367fd0-4819-4bd7-94d5-c7e41b2d5619\",\n           type: \"SOFA\",\n           row: \"E\",\n           number: 4\n         },\n         {\n           screenId: \"73367fd0-4819-4bd7-94d5-c7e41b2d5619\",\n           type: \"SOFA\",\n           row: \"E\",\n           number: 5\n         },\n         {\n           screenId: \"73367fd0-4819-4bd7-94d5-c7e41b2d5619\",\n           type: \"SOFA\",\n           row: \"E\",\n           number: 6\n         },\n         {\n           screenId: \"73367fd0-4819-4bd7-94d5-c7e41b2d5619\",\n           type: \"SOFA\",\n           row: \"E\",\n           number: 7\n         },\n         {\n           screenId: \"73367fd0-4819-4bd7-94d5-c7e41b2d5619\",\n           type: \"SOFA\",\n           row: \"E\",\n           number: 8\n         },\n         {\n           screenId: \"73367fd0-4819-4bd7-94d5-c7e41b2d5619\",\n           type: \"SOFA\",\n           row: \"E\",\n           number: 9\n         },\n         {\n           screenId: \"73367fd0-4819-4bd7-94d5-c7e41b2d5619\",\n           type: \"SOFA\",\n           row: \"E\",\n           number: 10\n         }\n       ],\n       skipDuplicates: true\n     })\n\nInvalid value for argument `type`. Expected SeatType.\n    at ar (C:\\Users\\HP\\Desktop\\Booking-Microservice\\backend\\admin-service\\node_modules\\@prisma\\client\\runtime\\client.js:10:1374)\n    at zr.handleRequestError (C:\\Users\\HP\\Desktop\\Booking-Microservice\\backend\\admin-service\\node_modules\\@prisma\\client\\runtime\\client.js:65:7929)\n    at zr.handleAndLogRequestError (C:\\Users\\HP\\Desktop\\Booking-Microservice\\backend\\admin-service\\node_modules\\@prisma\\client\\runtime\\client.js:65:7581)\n    at zr.request (C:\\Users\\HP\\Desktop\\Booking-Microservice\\backend\\admin-service\\node_modules\\@prisma\\client\\runtime\\client.js:65:7288)\n    at process.processTicksAndRejections (node:internal/process/task_queues:105:5)\n    at async a (C:\\Users\\HP\\Desktop\\Booking-Microservice\\backend\\admin-service\\node_modules\\@prisma\\client\\runtime\\client.js:75:6862)\n    at async C:\\Users\\HP\\Desktop\\Booking-Microservice\\backend\\admin-service\\src\\services\\screen.service.js:81:20\n    at async Proxy._transactionWithCallback (C:\\Users\\HP\\Desktop\\Booking-Microservice\\backend\\admin-service\\node_modules\\@prisma\\client\\runtime\\client.js:75:4800)\n    at async ScreenServices.configureScreenSeats (C:\\Users\\HP\\Desktop\\Booking-Microservice\\backend\\admin-service\\src\\services\\screen.service.js:74:16)\n    at async C:\\Users\\HP\\Desktop\\Booking-Microservice\\backend\\admin-service\\src\\controllers\\screen.controller.js:66:24","timestamp":"2026-06-11T13:35:50.176Z"}
{"level":"error","message":"Method:POST | URL: /api/v1/screen/73367fd0-4819-4bd7-94d5-c7e41b2d5619/seats | StatusCode: 500 | Duration: 766ms | 500 Internal Server Error","timestamp":"2026-06-11T13:35:50.242Z"}
{"level":"error","message":"PrismaClientValidationError: \nInvalid `tx.seat.createMany()` invocation in\nC:\\Users\\HP\\Desktop\\Booking-Microservice\\backend\\admin-service\\src\\services\\screen.service.js:81:34\n\n  78 });\n  79 \n  80 // Bulk insert all generated seats at once\n→ 81 return await tx.seat.createMany({\n       data: [\n         {\n           screenId: \"73367fd0-4819-4bd7-94d5-c7e41b2d5619\",\n           type: \"PLATINUM\",\n           row: \"A\",\n           number: 1\n         },\n         {\n           screenId: \"73367fd0-4819-4bd7-94d5-c7e41b2d5619\",\n           type: \"PLATINUM\",\n           row: \"A\",\n           number: 2\n         },\n         {\n           screenId: \"73367fd0-4819-4bd7-94d5-c7e41b2d5619\",\n           type: \"PLATINUM\",\n           row: \"A\",\n           number: 3\n         },\n         {\n           screenId: \"73367fd0-4819-4bd7-94d5-c7e41b2d5619\",\n           type: \"PLATINUM\",\n           row: \"A\",\n           number: 4\n         },\n         {\n           screenId: \"73367fd0-4819-4bd7-94d5-c7e41b2d5619\",\n           type: \"PLATINUM\",\n           row: \"A\",\n           number: 5\n         },\n         {\n           screenId: \"73367fd0-4819-4bd7-94d5-c7e41b2d5619\",\n           type: \"PLATINUM\",\n           row: \"A\",\n           number: 6\n         },\n         {\n           screenId: \"73367fd0-4819-4bd7-94d5-c7e41b2d5619\",\n           type: \"PLATINUM\",\n           row: \"A\",\n           number: 7\n         },\n         {\n           screenId: \"73367fd0-4819-4bd7-94d5-c7e41b2d5619\",\n           type: \"PLATINUM\",\n           row: \"A\",\n           number: 8\n         },\n         {\n           screenId: \"73367fd0-4819-4bd7-94d5-c7e41b2d5619\",\n           type: \"PLATINUM\",\n           row: \"A\",\n           number: 9\n         },\n         {\n           screenId: \"73367fd0-4819-4bd7-94d5-c7e41b2d5619\",\n           type: \"PLATINUM\",\n           row: \"A\",\n           number: 10\n         },\n         {\n           screenId: \"73367fd0-4819-4bd7-94d5-c7e41b2d5619\",\n           type: \"PLATINUM\",\n           row: \"A\",\n           number: 11\n         },\n         {\n           screenId: \"73367fd0-4819-4bd7-94d5-c7e41b2d5619\",\n           type: \"PLATINUM\",\n           row: \"A\",\n           number: 12\n         },\n         {\n           screenId: \"73367fd0-4819-4bd7-94d5-c7e41b2d5619\",\n           type: \"PLATINUM\",\n           row: \"B\",\n           number: 1\n         },\n         {\n           screenId: \"73367fd0-4819-4bd7-94d5-c7e41b2d5619\",\n           type: \"PLATINUM\",\n           row: \"B\",\n           number: 2\n         },\n         {\n           screenId: \"73367fd0-4819-4bd7-94d5-c7e41b2d5619\",\n           type: \"PLATINUM\",\n           row: \"B\",\n           number: 3\n         },\n         {\n           screenId: \"73367fd0-4819-4bd7-94d5-c7e41b2d5619\",\n           type: \"PLATINUM\",\n           row: \"B\",\n           number: 4\n         },\n         {\n           screenId: \"73367fd0-4819-4bd7-94d5-c7e41b2d5619\",\n           type: \"PLATINUM\",\n           row: \"B\",\n           number: 5\n         },\n         {\n           screenId: \"73367fd0-4819-4bd7-94d5-c7e41b2d5619\",\n           type: \"PLATINUM\",\n           row: \"B\",\n           number: 6\n         },\n         {\n           screenId: \"73367fd0-4819-4bd7-94d5-c7e41b2d5619\",\n           type: \"PLATINUM\",\n           row: \"B\",\n           number: 7\n         },\n         {\n           screenId: \"73367fd0-4819-4bd7-94d5-c7e41b2d5619\",\n           type: \"PLATINUM\",\n           row: \"B\",\n           number: 8\n         },\n         {\n           screenId: \"73367fd0-4819-4bd7-94d5-c7e41b2d5619\",\n           type: \"PLATINUM\",\n           row: \"B\",\n           number: 9\n         },\n         {\n           screenId: \"73367fd0-4819-4bd7-94d5-c7e41b2d5619\",\n           type: \"PLATINUM\",\n           row: \"B\",\n           number: 10\n         },\n         {\n           screenId: \"73367fd0-4819-4bd7-94d5-c7e41b2d5619\",\n           type: \"PLATINUM\",\n           row: \"B\",\n           number: 11\n         },\n         {\n           screenId: \"73367fd0-4819-4bd7-94d5-c7e41b2d5619\",\n           type: \"PLATINUM\",\n           row: \"B\",\n           number: 12\n         },\n         {\n           screenId: \"73367fd0-4819-4bd7-94d5-c7e41b2d5619\",\n           type: \"REGULAR\",\n           row: \"C\",\n           number: 1\n         },\n         {\n           screenId: \"73367fd0-4819-4bd7-94d5-c7e41b2d5619\",\n           type: \"REGULAR\",\n           row: \"C\",\n           number: 2\n         },\n         {\n           screenId: \"73367fd0-4819-4bd7-94d5-c7e41b2d5619\",\n           type: \"REGULAR\",\n           row: \"C\",\n           number: 3\n         },\n         {\n           screenId: \"73367fd0-4819-4bd7-94d5-c7e41b2d5619\",\n           type: \"REGULAR\",\n           row: \"C\",\n           number: 4\n         },\n         {\n           screenId: \"73367fd0-4819-4bd7-94d5-c7e41b2d5619\",\n           type: \"REGULAR\",\n           row: \"C\",\n           number: 5\n         },\n         {\n           screenId: \"73367fd0-4819-4bd7-94d5-c7e41b2d5619\",\n           type: \"REGULAR\",\n           row: \"C\",\n           number: 6\n         },\n         {\n           screenId: \"73367fd0-4819-4bd7-94d5-c7e41b2d5619\",\n           type: \"REGULAR\",\n           row: \"C\",\n           number: 7\n         },\n         {\n           screenId: \"73367fd0-4819-4bd7-94d5-c7e41b2d5619\",\n           type: \"REGULAR\",\n           row: \"C\",\n           number: 8\n         },\n         {\n           screenId: \"73367fd0-4819-4bd7-94d5-c7e41b2d5619\",\n           type: \"REGULAR\",\n           row: \"C\",\n           number: 9\n         },\n         {\n           screenId: \"73367fd0-4819-4bd7-94d5-c7e41b2d5619\",\n           type: \"REGULAR\",\n           row: \"C\",\n           number: 10\n         },\n         {\n           screenId: \"73367fd0-4819-4bd7-94d5-c7e41b2d5619\",\n           type: \"REGULAR\",\n           row: \"C\",\n           number: 11\n         },\n         {\n           screenId: \"73367fd0-4819-4bd7-94d5-c7e41b2d5619\",\n           type: \"REGULAR\",\n           row: \"C\",\n           number: 12\n         },\n         {\n           screenId: \"73367fd0-4819-4bd7-94d5-c7e41b2d5619\",\n           type: \"REGULAR\",\n           row: \"C\",\n           number: 13\n         },\n         {\n           screenId: \"73367fd0-4819-4bd7-94d5-c7e41b2d5619\",\n           type: \"REGULAR\",\n           row: \"C\",\n           number: 14\n         },\n         {\n           screenId: \"73367fd0-4819-4bd7-94d5-c7e41b2d5619\",\n           type: \"REGULAR\",\n           row: \"C\",\n           number: 15\n         },\n         {\n           screenId: \"73367fd0-4819-4bd7-94d5-c7e41b2d5619\",\n           type: \"REGULAR\",\n           row: \"C\",\n           number: 16\n         },\n         {\n           screenId: \"73367fd0-4819-4bd7-94d5-c7e41b2d5619\",\n           type: \"REGULAR\",\n           row: \"D\",\n           number: 1\n         },\n         {\n           screenId: \"73367fd0-4819-4bd7-94d5-c7e41b2d5619\",\n           type: \"REGULAR\",\n           row: \"D\",\n           number: 2\n         },\n         {\n           screenId: \"73367fd0-4819-4bd7-94d5-c7e41b2d5619\",\n           type: \"REGULAR\",\n           row: \"D\",\n           number: 3\n         },\n         {\n           screenId: \"73367fd0-4819-4bd7-94d5-c7e41b2d5619\",\n           type: \"REGULAR\",\n           row: \"D\",\n           number: 4\n         },\n         {\n           screenId: \"73367fd0-4819-4bd7-94d5-c7e41b2d5619\",\n           type: \"REGULAR\",\n           row: \"D\",\n           number: 5\n         },\n         {\n           screenId: \"73367fd0-4819-4bd7-94d5-c7e41b2d5619\",\n           type: \"REGULAR\",\n           row: \"D\",\n           number: 6\n         },\n         {\n           screenId: \"73367fd0-4819-4bd7-94d5-c7e41b2d5619\",\n           type: \"REGULAR\",\n           row: \"D\",\n           number: 7\n         },\n         {\n           screenId: \"73367fd0-4819-4bd7-94d5-c7e41b2d5619\",\n           type: \"REGULAR\",\n           row: \"D\",\n           number: 8\n         },\n         {\n           screenId: \"73367fd0-4819-4bd7-94d5-c7e41b2d5619\",\n           type: \"REGULAR\",\n           row: \"D\",\n           number: 9\n         },\n         {\n           screenId: \"73367fd0-4819-4bd7-94d5-c7e41b2d5619\",\n           type: \"REGULAR\",\n           row: \"D\",\n           number: 10\n         },\n         {\n           screenId: \"73367fd0-4819-4bd7-94d5-c7e41b2d5619\",\n           type: \"REGULAR\",\n           row: \"D\",\n           number: 11\n         },\n         {\n           screenId: \"73367fd0-4819-4bd7-94d5-c7e41b2d5619\",\n           type: \"REGULAR\",\n           row: \"D\",\n           number: 12\n         },\n         {\n           screenId: \"73367fd0-4819-4bd7-94d5-c7e41b2d5619\",\n           type: \"REGULAR\",\n           row: \"D\",\n           number: 13\n         },\n         {\n           screenId: \"73367fd0-4819-4bd7-94d5-c7e41b2d5619\",\n           type: \"REGULAR\",\n           row: \"D\",\n           number: 14\n         },\n         {\n           screenId: \"73367fd0-4819-4bd7-94d5-c7e41b2d5619\",\n           type: \"REGULAR\",\n           row: \"D\",\n           number: 15\n         },\n         {\n           screenId: \"73367fd0-4819-4bd7-94d5-c7e41b2d5619\",\n           type: \"REGULAR\",\n           row: \"D\",\n           number: 16\n         },\n         {\n           screenId: \"73367fd0-4819-4bd7-94d5-c7e41b2d5619\",\n           type: \"SOFA\",\n           row: \"E\",\n           number: 1\n         },\n         {\n           screenId: \"73367fd0-4819-4bd7-94d5-c7e41b2d5619\",\n           type: \"SOFA\",\n           row: \"E\",\n           number: 2\n         },\n         {\n           screenId: \"73367fd0-4819-4bd7-94d5-c7e41b2d5619\",\n           type: \"SOFA\",\n           row: \"E\",\n           number: 3\n         },\n         {\n           screenId: \"73367fd0-4819-4bd7-94d5-c7e41b2d5619\",\n           type: \"SOFA\",\n           row: \"E\",\n           number: 4\n         },\n         {\n           screenId: \"73367fd0-4819-4bd7-94d5-c7e41b2d5619\",\n           type: \"SOFA\",\n           row: \"E\",\n           number: 5\n         },\n         {\n           screenId: \"73367fd0-4819-4bd7-94d5-c7e41b2d5619\",\n           type: \"SOFA\",\n           row: \"E\",\n           number: 6\n         },\n         {\n           screenId: \"73367fd0-4819-4bd7-94d5-c7e41b2d5619\",\n           type: \"SOFA\",\n           row: \"E\",\n           number: 7\n         },\n         {\n           screenId: \"73367fd0-4819-4bd7-94d5-c7e41b2d5619\",\n           type: \"SOFA\",\n           row: \"E\",\n           number: 8\n         },\n         {\n           screenId: \"73367fd0-4819-4bd7-94d5-c7e41b2d5619\",\n           type: \"SOFA\",\n           row: \"E\",\n           number: 9\n         },\n         {\n           screenId: \"73367fd0-4819-4bd7-94d5-c7e41b2d5619\",\n           type: \"SOFA\",\n           row: \"E\",\n           number: 10\n         }\n       ],\n       skipDuplicates: true\n     })\n\nInvalid value for argument `type`. Expected SeatType.\n    at ar (C:\\Users\\HP\\Desktop\\Booking-Microservice\\backend\\admin-service\\node_modules\\@prisma\\client\\runtime\\client.js:10:1374)\n    at zr.handleRequestError (C:\\Users\\HP\\Desktop\\Booking-Microservice\\backend\\admin-service\\node_modules\\@prisma\\client\\runtime\\client.js:65:7929)\n    at zr.handleAndLogRequestError (C:\\Users\\HP\\Desktop\\Booking-Microservice\\backend\\admin-service\\node_modules\\@prisma\\client\\runtime\\client.js:65:7581)\n    at zr.request (C:\\Users\\HP\\Desktop\\Booking-Microservice\\backend\\admin-service\\node_modules\\@prisma\\client\\runtime\\client.js:65:7288)\n    at process.processTicksAndRejections (node:internal/process/task_queues:105:5)\n    at async a (C:\\Users\\HP\\Desktop\\Booking-Microservice\\backend\\admin-service\\node_modules\\@prisma\\client\\runtime\\client.js:75:6862)\n    at async C:\\Users\\HP\\Desktop\\Booking-Microservice\\backend\\admin-service\\src\\services\\screen.service.js:81:20\n    at async Proxy._transactionWithCallback (C:\\Users\\HP\\Desktop\\Booking-Microservice\\backend\\admin-service\\node_modules\\@prisma\\client\\runtime\\client.js:75:4800)\n    at async ScreenServices.configureScreenSeats (C:\\Users\\HP\\Desktop\\Booking-Microservice\\backend\\admin-service\\src\\services\\screen.service.js:74:16)\n    at async C:\\Users\\HP\\Desktop\\Booking-Microservice\\backend\\admin-service\\src\\controllers\\screen.controller.js:66:24","timestamp":"2026-06-11T13:38:25.111Z"}
{"level":"error","message":"Method:POST | URL: /api/v1/screen/73367fd0-4819-4bd7-94d5-c7e41b2d5619/seats | StatusCode: 500 | Duration: 402ms | 500 Internal Server Error","timestamp":"2026-06-11T13:38:25.176Z"}
{"level":"info","message":"Admin Service is running on port 6001","timestamp":"2026-06-11T13:38:47.874Z"}
{"level":"error","message":"PrismaClientKnownRequestError: \nInvalid `tx.seat.createMany()` invocation in\nC:\\Users\\HP\\Desktop\\Booking-Microservice\\backend\\admin-service\\src\\services\\screen.service.js:81:34\n\n  78 });\n  79 \n  80 // Bulk insert all generated seats at once\n→ 81 return await tx.seat.createMany(\nInvalid input value: invalid input value for enum \"SeatType\": \"PLATINUM\"\n    at zr.handleRequestError (C:\\Users\\HP\\Desktop\\Booking-Microservice\\backend\\admin-service\\node_modules\\@prisma\\client\\runtime\\client.js:65:8286)\n    at zr.handleAndLogRequestError (C:\\Users\\HP\\Desktop\\Booking-Microservice\\backend\\admin-service\\node_modules\\@prisma\\client\\runtime\\client.js:65:7581)\n    at zr.request (C:\\Users\\HP\\Desktop\\Booking-Microservice\\backend\\admin-service\\node_modules\\@prisma\\client\\runtime\\client.js:65:7288)\n    at process.processTicksAndRejections (node:internal/process/task_queues:105:5)\n    at async a (C:\\Users\\HP\\Desktop\\Booking-Microservice\\backend\\admin-service\\node_modules\\@prisma\\client\\runtime\\client.js:75:6862)\n    at async C:\\Users\\HP\\Desktop\\Booking-Microservice\\backend\\admin-service\\src\\services\\screen.service.js:81:20\n    at async Proxy._transactionWithCallback (C:\\Users\\HP\\Desktop\\Booking-Microservice\\backend\\admin-service\\node_modules\\@prisma\\client\\runtime\\client.js:75:4800)\n    at async ScreenServices.configureScreenSeats (C:\\Users\\HP\\Desktop\\Booking-Microservice\\backend\\admin-service\\src\\services\\screen.service.js:74:16)\n    at async C:\\Users\\HP\\Desktop\\Booking-Microservice\\backend\\admin-service\\src\\controllers\\screen.controller.js:66:24","timestamp":"2026-06-11T13:38:53.528Z"}
{"level":"error","message":"Method:POST | URL: /api/v1/screen/73367fd0-4819-4bd7-94d5-c7e41b2d5619/seats | StatusCode: 500 | Duration: 752ms | 500 Internal Server Error","timestamp":"2026-06-11T13:38:53.552Z"}
{"level":"info","message":"Admin Service is running on port 6001","timestamp":"2026-06-11T13:40:37.175Z"}
{"level":"error","message":"PrismaClientKnownRequestError: \nInvalid `tx.seat.createMany()` invocation in\nC:\\Users\\HP\\Desktop\\Booking-Microservice\\backend\\admin-service\\src\\services\\screen.service.js:81:34\n\n  78 });\n  79 \n  80 // Bulk insert all generated seats at once\n→ 81 return await tx.seat.createMany(\nInvalid input value: invalid input value for enum \"SeatType\": \"PLATINUM\"\n    at zr.handleRequestError (C:\\Users\\HP\\Desktop\\Booking-Microservice\\backend\\admin-service\\node_modules\\@prisma\\client\\runtime\\client.js:65:8286)\n    at zr.handleAndLogRequestError (C:\\Users\\HP\\Desktop\\Booking-Microservice\\backend\\admin-service\\node_modules\\@prisma\\client\\runtime\\client.js:65:7581)\n    at zr.request (C:\\Users\\HP\\Desktop\\Booking-Microservice\\backend\\admin-service\\node_modules\\@prisma\\client\\runtime\\client.js:65:7288)\n    at process.processTicksAndRejections (node:internal/process/task_queues:105:5)\n    at async a (C:\\Users\\HP\\Desktop\\Booking-Microservice\\backend\\admin-service\\node_modules\\@prisma\\client\\runtime\\client.js:75:6862)\n    at async C:\\Users\\HP\\Desktop\\Booking-Microservice\\backend\\admin-service\\src\\services\\screen.service.js:81:20\n    at async Proxy._transactionWithCallback (C:\\Users\\HP\\Desktop\\Booking-Microservice\\backend\\admin-service\\node_modules\\@prisma\\client\\runtime\\client.js:75:4800)\n    at async ScreenServices.configureScreenSeats (C:\\Users\\HP\\Desktop\\Booking-Microservice\\backend\\admin-service\\src\\services\\screen.service.js:74:16)\n    at async C:\\Users\\HP\\Desktop\\Booking-Microservice\\backend\\admin-service\\src\\controllers\\screen.controller.js:66:24","timestamp":"2026-06-11T13:41:10.632Z"}
{"level":"error","message":"Method:POST | URL: /api/v1/screen/73367fd0-4819-4bd7-94d5-c7e41b2d5619/seats | StatusCode: 500 | Duration: 491ms | 500 Internal Server Error","timestamp":"2026-06-11T13:41:10.642Z"}
{"level":"info","message":"Admin Service is running on port 6001","timestamp":"2026-06-11T13:45:21.724Z"}
{"level":"error","message":"PrismaClientKnownRequestError: \nInvalid `tx.seat.createMany()` invocation in\nC:\\Users\\HP\\Desktop\\Booking-Microservice\\backend\\admin-service\\src\\services\\screen.service.js:81:34\n\n  78 });\n  79 \n  80 // Bulk insert all generated seats at once\n→ 81 return await tx.seat.createMany(\nInvalid input value: invalid input value for enum \"SeatType\": \"PLATINUM\"\n    at zr.handleRequestError (C:\\Users\\HP\\Desktop\\Booking-Microservice\\backend\\admin-service\\node_modules\\@prisma\\client\\runtime\\client.js:65:8286)\n    at zr.handleAndLogRequestError (C:\\Users\\HP\\Desktop\\Booking-Microservice\\backend\\admin-service\\node_modules\\@prisma\\client\\runtime\\client.js:65:7581)\n    at zr.request (C:\\Users\\HP\\Desktop\\Booking-Microservice\\backend\\admin-service\\node_modules\\@prisma\\client\\runtime\\client.js:65:7288)\n    at process.processTicksAndRejections (node:internal/process/task_queues:105:5)\n    at async a (C:\\Users\\HP\\Desktop\\Booking-Microservice\\backend\\admin-service\\node_modules\\@prisma\\client\\runtime\\client.js:75:6862)\n    at async C:\\Users\\HP\\Desktop\\Booking-Microservice\\backend\\admin-service\\src\\services\\screen.service.js:81:20\n    at async Proxy._transactionWithCallback (C:\\Users\\HP\\Desktop\\Booking-Microservice\\backend\\admin-service\\node_modules\\@prisma\\client\\runtime\\client.js:75:4800)\n    at async ScreenServices.configureScreenSeats (C:\\Users\\HP\\Desktop\\Booking-Microservice\\backend\\admin-service\\src\\services\\screen.service.js:74:16)\n    at async C:\\Users\\HP\\Desktop\\Booking-Microservice\\backend\\admin-service\\src\\controllers\\screen.controller.js:66:24","timestamp":"2026-06-11T13:45:27.943Z"}
{"level":"error","message":"Method:POST | URL: /api/v1/screen/73367fd0-4819-4bd7-94d5-c7e41b2d5619/seats | StatusCode: 500 | Duration: 739ms | 500 Internal Server Error","timestamp":"2026-06-11T13:45:27.963Z"}
