{"level":"error","message":"Proxy error: connect ECONNREFUSED ::1:3001","service":"api-gateway","timestamp":"2026-03-15T08:01:18.826Z"}
{"level":"error","message":"Proxy error: Cannot set headers after they are sent to the client","service":"api-gateway","timestamp":"2026-03-15T08:05:58.503Z"}
{"level":"error","message":"Proxy error: Cannot set headers after they are sent to the client","service":"api-gateway","timestamp":"2026-03-15T08:06:10.566Z"}
{"level":"error","message":"Proxy error: connect ECONNREFUSED 127.0.0.1:3001","service":"api-gateway","timestamp":"2026-03-15T08:20:15.472Z"}
{"level":"error","message":"Proxy error: connect ECONNREFUSED 127.0.0.1:3001","service":"api-gateway","timestamp":"2026-03-15T08:22:50.678Z"}
{"level":"error","message":"Proxy error: connect ECONNREFUSED 127.0.0.1:3001","service":"api-gateway","timestamp":"2026-03-15T08:22:53.345Z"}
{"level":"error","message":"Proxy error: connect ECONNREFUSED 127.0.0.1:3001","service":"api-gateway","timestamp":"2026-03-15T08:22:55.829Z"}
{"level":"error","message":"SyntaxError: Expected double-quoted property name in JSON at position 70 (line 4 column 1)\n    at JSON.parse (<anonymous>)\n    at parse (C:\\Users\\HP\\Desktop\\Nodejs\\social-media-microservices\\api-gateway\\node_modules\\body-parser\\lib\\types\\json.js:72:19)\n    at C:\\Users\\HP\\Desktop\\Nodejs\\social-media-microservices\\api-gateway\\node_modules\\body-parser\\lib\\read.js:162:18\n    at AsyncResource.runInAsyncScope (node:async_hooks:211:14)\n    at invokeCallback (C:\\Users\\HP\\Desktop\\Nodejs\\social-media-microservices\\api-gateway\\node_modules\\raw-body\\index.js:238:16)\n    at done (C:\\Users\\HP\\Desktop\\Nodejs\\social-media-microservices\\api-gateway\\node_modules\\raw-body\\index.js:227:7)\n    at IncomingMessage.onEnd (C:\\Users\\HP\\Desktop\\Nodejs\\social-media-microservices\\api-gateway\\node_modules\\raw-body\\index.js:287:7)\n    at IncomingMessage.emit (node:events:524:28)\n    at endReadableNT (node:internal/streams/readable:1698:12)\n    at process.processTicksAndRejections (node:internal/process/task_queues:90:21)","service":"api-gateway","timestamp":"2026-03-15T09:13:22.295Z"}
{"level":"error","message":"SyntaxError: Expected ',' or '}' after property value in JSON at position 65 (line 4 column 5)\n    at JSON.parse (<anonymous>)\n    at parse (C:\\Users\\HP\\Desktop\\Nodejs\\social-media-microservices\\api-gateway\\node_modules\\body-parser\\lib\\types\\json.js:72:19)\n    at C:\\Users\\HP\\Desktop\\Nodejs\\social-media-microservices\\api-gateway\\node_modules\\body-parser\\lib\\read.js:162:18\n    at AsyncResource.runInAsyncScope (node:async_hooks:211:14)\n    at invokeCallback (C:\\Users\\HP\\Desktop\\Nodejs\\social-media-microservices\\api-gateway\\node_modules\\raw-body\\index.js:238:16)\n    at done (C:\\Users\\HP\\Desktop\\Nodejs\\social-media-microservices\\api-gateway\\node_modules\\raw-body\\index.js:227:7)\n    at IncomingMessage.onEnd (C:\\Users\\HP\\Desktop\\Nodejs\\social-media-microservices\\api-gateway\\node_modules\\raw-body\\index.js:287:7)\n    at IncomingMessage.emit (node:events:524:28)\n    at endReadableNT (node:internal/streams/readable:1698:12)\n    at process.processTicksAndRejections (node:internal/process/task_queues:90:21)","service":"api-gateway","timestamp":"2026-03-15T13:59:27.672Z"}
{"level":"error","message":"TypeError: Cannot read properties of undefined (reading 'split')\n    at validateToken (C:\\Users\\HP\\Desktop\\Nodejs\\social-media-microservices\\api-gateway\\src\\middleware\\authMiddleware.js:6:30)\n    at Layer.handleRequest (C:\\Users\\HP\\Desktop\\Nodejs\\social-media-microservices\\api-gateway\\node_modules\\router\\lib\\layer.js:152:17)\n    at trimPrefix (C:\\Users\\HP\\Desktop\\Nodejs\\social-media-microservices\\api-gateway\\node_modules\\router\\index.js:342:13)\n    at C:\\Users\\HP\\Desktop\\Nodejs\\social-media-microservices\\api-gateway\\node_modules\\router\\index.js:297:9\n    at processParams (C:\\Users\\HP\\Desktop\\Nodejs\\social-media-microservices\\api-gateway\\node_modules\\router\\index.js:582:12)\n    at next (C:\\Users\\HP\\Desktop\\Nodejs\\social-media-microservices\\api-gateway\\node_modules\\router\\index.js:291:5)\n    at C:\\Users\\HP\\Desktop\\Nodejs\\social-media-microservices\\api-gateway\\node_modules\\express-rate-limit\\dist\\index.cjs:947:7\n    at process.processTicksAndRejections (node:internal/process/task_queues:105:5)\n    at async C:\\Users\\HP\\Desktop\\Nodejs\\social-media-microservices\\api-gateway\\node_modules\\express-rate-limit\\dist\\index.cjs:830:5","service":"api-gateway","timestamp":"2026-03-15T14:00:21.988Z"}
{"level":"error","message":"Proxy error: connect ECONNREFUSED ::1:3001","service":"api-gateway","timestamp":"2026-03-15T14:00:41.799Z"}
{"level":"error","message":"Proxy error: read ECONNRESET","service":"api-gateway","timestamp":"2026-03-15T14:04:06.014Z"}
{"level":"error","message":"Proxy error: socket hang up","service":"api-gateway","timestamp":"2026-03-15T15:20:57.375Z"}
{"level":"error","message":"Proxy error: socket hang up","service":"api-gateway","timestamp":"2026-03-15T15:21:09.004Z"}
{"level":"error","message":"SyntaxError: Expected double-quoted property name in JSON at position 85 (line 4 column 1)\n    at JSON.parse (<anonymous>)\n    at parse (C:\\Users\\HP\\Desktop\\Nodejs\\social-media-microservices\\api-gateway\\node_modules\\body-parser\\lib\\types\\json.js:72:19)\n    at C:\\Users\\HP\\Desktop\\Nodejs\\social-media-microservices\\api-gateway\\node_modules\\body-parser\\lib\\read.js:162:18\n    at AsyncResource.runInAsyncScope (node:async_hooks:211:14)\n    at invokeCallback (C:\\Users\\HP\\Desktop\\Nodejs\\social-media-microservices\\api-gateway\\node_modules\\raw-body\\index.js:238:16)\n    at done (C:\\Users\\HP\\Desktop\\Nodejs\\social-media-microservices\\api-gateway\\node_modules\\raw-body\\index.js:227:7)\n    at IncomingMessage.onEnd (C:\\Users\\HP\\Desktop\\Nodejs\\social-media-microservices\\api-gateway\\node_modules\\raw-body\\index.js:287:7)\n    at IncomingMessage.emit (node:events:524:28)\n    at endReadableNT (node:internal/streams/readable:1698:12)\n    at process.processTicksAndRejections (node:internal/process/task_queues:90:21)","service":"api-gateway","timestamp":"2026-03-15T15:21:10.225Z"}
{"level":"error","message":"Proxy error: socket hang up","service":"api-gateway","timestamp":"2026-03-15T15:22:10.283Z"}
{"level":"error","message":"Proxy error: socket hang up","service":"api-gateway","timestamp":"2026-03-15T15:22:40.717Z"}
{"level":"error","message":"Proxy error: read ECONNRESET","service":"api-gateway","timestamp":"2026-03-15T15:25:15.131Z"}
{"level":"error","message":"Proxy error: read ECONNRESET","service":"api-gateway","timestamp":"2026-03-15T15:27:04.860Z"}
{"level":"error","message":"Proxy error: read ECONNRESET","service":"api-gateway","timestamp":"2026-03-15T15:30:43.353Z"}
{"level":"error","message":"Proxy error: connect ECONNREFUSED ::1:3001","service":"api-gateway","timestamp":"2026-03-16T05:36:02.778Z"}
{"level":"error","message":"Proxy error: connect ECONNREFUSED ::1:3002","service":"api-gateway","timestamp":"2026-03-17T06:47:45.233Z"}
{"level":"error","message":"SyntaxError: Expected double-quoted property name in JSON at position 51 (line 3 column 1)\n    at JSON.parse (<anonymous>)\n    at parse (C:\\Users\\HP\\Desktop\\Nodejs\\social-media-microservices\\api-gateway\\node_modules\\body-parser\\lib\\types\\json.js:72:19)\n    at C:\\Users\\HP\\Desktop\\Nodejs\\social-media-microservices\\api-gateway\\node_modules\\body-parser\\lib\\read.js:162:18\n    at AsyncResource.runInAsyncScope (node:async_hooks:211:14)\n    at invokeCallback (C:\\Users\\HP\\Desktop\\Nodejs\\social-media-microservices\\api-gateway\\node_modules\\raw-body\\index.js:238:16)\n    at done (C:\\Users\\HP\\Desktop\\Nodejs\\social-media-microservices\\api-gateway\\node_modules\\raw-body\\index.js:227:7)\n    at IncomingMessage.onEnd (C:\\Users\\HP\\Desktop\\Nodejs\\social-media-microservices\\api-gateway\\node_modules\\raw-body\\index.js:287:7)\n    at IncomingMessage.emit (node:events:524:28)\n    at endReadableNT (node:internal/streams/readable:1698:12)\n    at process.processTicksAndRejections (node:internal/process/task_queues:90:21)","service":"api-gateway","timestamp":"2026-03-17T06:52:57.411Z"}
{"level":"error","message":"Proxy error: read ECONNRESET","service":"api-gateway","timestamp":"2026-03-17T14:48:49.621Z"}
{"level":"error","message":"Proxy error: connect ECONNREFUSED ::1:3003","service":"api-gateway","timestamp":"2026-03-17T14:48:53.584Z"}
{"level":"error","message":"Proxy error: socket hang up","service":"api-gateway","timestamp":"2026-03-17T14:53:38.654Z"}
{"level":"error","message":"Proxy error: read ECONNRESET","service":"api-gateway","timestamp":"2026-03-17T14:57:14.352Z"}
{"level":"error","message":"Proxy error: read ECONNRESET","service":"api-gateway","timestamp":"2026-03-17T14:58:03.120Z"}
{"level":"error","message":"Proxy error: socket hang up","service":"api-gateway","timestamp":"2026-03-17T14:59:37.267Z"}
{"level":"error","message":"Proxy error: read ECONNRESET","service":"api-gateway","timestamp":"2026-03-17T15:02:16.964Z"}
{"level":"error","message":"Proxy error: connect ECONNREFUSED ::1:3001","service":"api-gateway","timestamp":"2026-03-20T07:40:58.216Z"}
{"level":"error","message":"Proxy error: connect ECONNREFUSED ::1:3001","service":"api-gateway","timestamp":"2026-03-20T07:41:01.142Z"}
{"level":"error","message":"Proxy error: connect ECONNREFUSED ::1:3003","service":"api-gateway","timestamp":"2026-03-20T07:42:07.146Z"}
{"level":"error","message":"Proxy error: connect ECONNREFUSED ::1:3002","service":"api-gateway","timestamp":"2026-03-20T07:53:53.916Z"}
{"level":"error","message":"Proxy error: connect ECONNREFUSED ::1:3002","service":"api-gateway","timestamp":"2026-03-20T07:54:24.054Z"}
{"level":"error","message":"Proxy error: connect ECONNREFUSED ::1:3003","service":"api-gateway","timestamp":"2026-03-23T10:22:40.190Z"}
{"level":"error","message":"Proxy error: read ECONNRESET","service":"api-gateway","timestamp":"2026-03-23T10:24:10.541Z"}
{"level":"error","message":"Proxy error: read ECONNRESET","service":"api-gateway","timestamp":"2026-03-23T10:30:55.253Z"}
{"level":"error","message":"Proxy error: connect ECONNREFUSED ::1:4001","service":"api-gateway","timestamp":"2026-06-08T16:19:16.772Z"}
{"level":"error","message":"Proxy error: connect ECONNREFUSED ::1:6001","service":"api-gateway","timestamp":"2026-06-08T16:39:21.713Z"}
{"level":"error","message":"Proxy error: connect ECONNREFUSED ::1:6001","service":"api-gateway","timestamp":"2026-06-10T14:53:13.845Z"}
{"level":"error","message":"Proxy error: connect ECONNREFUSED ::1:6001","service":"api-gateway","timestamp":"2026-06-10T14:53:36.412Z"}
{"level":"error","message":"Proxy error: connect ECONNREFUSED ::1:6001","service":"api-gateway","timestamp":"2026-06-10T14:54:04.550Z"}
{"level":"error","message":"Proxy error: connect ECONNREFUSED ::1:6001","service":"api-gateway","timestamp":"2026-06-10T14:54:05.968Z"}
{"level":"error","message":"Proxy error: connect ECONNREFUSED ::1:6001","service":"api-gateway","timestamp":"2026-06-10T14:54:33.092Z"}
{"level":"error","message":"Proxy error: connect ECONNREFUSED ::1:6001","service":"api-gateway","timestamp":"2026-06-10T14:56:11.701Z"}
{"level":"error","message":"Proxy error: connect ECONNREFUSED ::1:6001","service":"api-gateway","timestamp":"2026-06-10T14:56:58.252Z"}
{"level":"error","message":"Error in auth middleware: jwt expired","service":"api-gateway","timestamp":"2026-06-10T15:01:11.815Z"}
{"level":"error","message":"Proxy error: connect ECONNREFUSED ::1:6001","service":"api-gateway","timestamp":"2026-06-10T15:01:35.337Z"}
{"level":"error","message":"Proxy error: connect ECONNREFUSED ::1:6001","service":"api-gateway","timestamp":"2026-06-10T15:01:45.472Z"}
{"level":"error","message":"Error in auth middleware: jwt expired","service":"api-gateway","timestamp":"2026-06-10T15:13:25.317Z"}
{"level":"error","message":"Error in auth middleware: jwt expired","service":"api-gateway","timestamp":"2026-06-10T15:18:37.605Z"}
{"level":"error","message":"Error in auth middleware: jwt expired","service":"api-gateway","timestamp":"2026-06-11T13:24:08.017Z"}
{"level":"error","message":"Error in auth middleware: jwt expired","service":"api-gateway","timestamp":"2026-06-11T13:40:47.910Z"}
